2016-01-27 16:10:37,515 - WTF - INFO - creating an instance of temp.Auxiliary
2016-01-27 16:10:37,515 - WTF.temp.Auxiliary - INFO - creating an instance of Auxiliary
2016-01-27 16:10:37,515 - WTF - INFO - created an instance of temp.Auxiliary
2016-01-27 16:10:37,516 - WTF - INFO - calling temp.Auxiliary.do_something
2016-01-27 16:10:37,516 - WTF.temp.Auxiliary - INFO - doing something
2016-01-27 16:10:37,516 - WTF.temp.Auxiliary - INFO - done doing something
2016-01-27 16:10:37,516 - WTF - INFO - finished temp.Auxiliary.do_something
2016-01-27 16:10:37,516 - WTF - INFO - calling temp.some_function()
2016-01-27 16:10:37,516 - WTF.temp - INFO - received a call to "some_function"
2016-01-27 16:10:37,516 - WTF - INFO - done with auxiliary_module.some_function()
2016-01-27 16:11:11,186 - WTF - INFO - creating an instance of temp.Auxiliary
2016-01-27 16:11:11,186 - WTF.temp.Auxiliary - INFO - creating an instance of Auxiliary
2016-01-27 16:11:11,186 - WTF - INFO - created an instance of temp.Auxiliary
2016-01-27 16:11:11,186 - WTF - INFO - calling temp.Auxiliary.do_something
2016-01-27 16:11:11,186 - WTF.temp.Auxiliary - INFO - doing something
2016-01-27 16:11:11,186 - WTF.temp.Auxiliary - INFO - done doing something
2016-01-27 16:11:11,186 - WTF - INFO - finished temp.Auxiliary.do_something
2016-01-27 16:11:11,186 - WTF - INFO - calling temp.some_function()
2016-01-27 16:11:11,186 - WTF.temp - INFO - received a call to "some_function"
2016-01-27 16:11:11,186 - WTF - INFO - done with auxiliary_module.some_function()
