2016-01-27 23:43:35,971 - FincLab - INFO - creating an instance of auxiliary_module.Auxiliary
2016-01-27 23:43:35,971 - FincLab - INFO - Now starting the engine.
2016-01-27 23:43:35,971 - FincLab.Engine - INFO - Creating DataHandler, Strategy, Portfolio and ExecutionHandler.
2016-01-27 23:43:35,986 - FincLab.Engine - DEBUG - 1
2016-01-27 23:43:35,991 - FincLab.Engine - DEBUG - 2
2016-01-27 23:43:35,991 - FincLab.Engine - DEBUG - 3
2016-01-27 23:43:35,991 - FincLab.Engine - DEBUG - 4
2016-01-27 23:43:35,992 - FincLab.Engine - DEBUG - 5
2016-01-27 23:43:35,992 - FincLab.Engine - DEBUG - 6
2016-01-27 23:43:35,993 - FincLab.Engine - DEBUG - 7
2016-01-27 23:43:35,993 - FincLab.Engine - DEBUG - 8
2016-01-27 23:43:35,994 - FincLab.Engine - DEBUG - 9
2016-01-27 23:43:35,994 - FincLab.Engine - DEBUG - 10
2016-01-27 23:43:35,994 - FincLab.Engine - DEBUG - 11
2016-01-27 23:43:35,995 - FincLab.Engine - DEBUG - 12
2016-01-27 23:43:35,995 - FincLab.Engine - DEBUG - 13
2016-01-27 23:43:35,996 - FincLab.Engine - DEBUG - 14
2016-01-27 23:43:35,997 - FincLab.Engine - DEBUG - 15
2016-01-27 23:43:35,997 - FincLab.Engine - DEBUG - 16
2016-01-27 23:43:35,997 - FincLab.Engine - DEBUG - 17
2016-01-27 23:43:35,999 - FincLab.Engine - DEBUG - 18
2016-01-27 23:43:35,999 - FincLab.Engine - DEBUG - 19
2016-01-27 23:43:35,999 - FincLab.Engine - DEBUG - 20
2016-01-27 23:43:36,000 - FincLab.Engine - DEBUG - 21
2016-01-27 23:43:36,000 - FincLab.Engine - DEBUG - 22
2016-01-27 23:43:36,001 - FincLab.Engine - DEBUG - 23
2016-01-27 23:43:36,001 - FincLab.Engine - DEBUG - 24
2016-01-27 23:43:36,002 - FincLab.Engine - DEBUG - 25
2016-01-27 23:43:36,002 - FincLab.Engine - DEBUG - 26
2016-01-27 23:43:36,003 - FincLab.Engine - DEBUG - 27
2016-01-27 23:43:36,004 - FincLab.Engine - DEBUG - 28
2016-01-27 23:43:36,004 - FincLab.Engine - DEBUG - 29
2016-01-27 23:43:36,005 - FincLab.Engine - DEBUG - 30
2016-01-27 23:43:36,006 - FincLab.Engine - DEBUG - 31
2016-01-27 23:43:36,006 - FincLab.Engine - DEBUG - 32
2016-01-27 23:43:36,011 - FincLab.Engine - DEBUG - 33
2016-01-27 23:43:36,012 - FincLab.Engine - DEBUG - 34
2016-01-27 23:43:36,012 - FincLab.Engine - DEBUG - 35
2016-01-27 23:43:36,013 - FincLab.Engine - DEBUG - 36
2016-01-27 23:43:36,013 - FincLab.Engine - DEBUG - 37
2016-01-27 23:43:36,014 - FincLab.Engine - DEBUG - 38
2016-01-27 23:43:36,014 - FincLab.Engine - DEBUG - 39
2016-01-27 23:43:36,015 - FincLab.Engine - DEBUG - 40
2016-01-27 23:43:36,015 - FincLab.Engine - DEBUG - 41
2016-01-27 23:43:36,016 - FincLab.Engine - DEBUG - 42
2016-01-27 23:43:36,017 - FincLab.Engine - DEBUG - 43
2016-01-27 23:43:36,017 - FincLab.Engine - DEBUG - 44
2016-01-27 23:43:36,018 - FincLab.Engine - DEBUG - 45
2016-01-27 23:43:36,018 - FincLab.Engine - DEBUG - 46
2016-01-27 23:43:36,021 - FincLab.Engine - DEBUG - 47
2016-01-27 23:43:36,023 - FincLab.Engine - DEBUG - 48
2016-01-27 23:43:36,024 - FincLab.Engine - DEBUG - 49
2016-01-27 23:43:36,026 - FincLab.Engine - DEBUG - 50
2016-01-27 23:43:36,028 - FincLab.Engine - DEBUG - 51
2016-01-27 23:43:36,032 - FincLab.Engine - DEBUG - 52
2016-01-27 23:43:36,034 - FincLab.Engine - DEBUG - 53
2016-01-27 23:43:36,035 - FincLab.Engine - DEBUG - 54
2016-01-27 23:43:36,038 - FincLab.Engine - DEBUG - 55
2016-01-27 23:43:36,040 - FincLab.Engine - DEBUG - 56
2016-01-27 23:43:36,041 - FincLab.Engine - DEBUG - 57
2016-01-27 23:43:36,042 - FincLab.Engine - DEBUG - 58
2016-01-27 23:43:36,043 - FincLab.Engine - DEBUG - 59
2016-01-27 23:43:36,044 - FincLab.Engine - DEBUG - 60
2016-01-27 23:43:36,045 - FincLab.Engine - DEBUG - 61
2016-01-27 23:43:36,046 - FincLab.Engine - DEBUG - 62
2016-01-27 23:43:36,047 - FincLab.Engine - DEBUG - 63
2016-01-27 23:43:36,048 - FincLab.Engine - DEBUG - 64
2016-01-27 23:43:36,049 - FincLab.Engine - DEBUG - 65
2016-01-27 23:43:36,050 - FincLab.Engine - DEBUG - 66
2016-01-27 23:43:36,051 - FincLab.Engine - DEBUG - 67
2016-01-27 23:43:36,052 - FincLab.Engine - DEBUG - 68
2016-01-27 23:43:36,053 - FincLab.Engine - DEBUG - 69
2016-01-27 23:43:36,054 - FincLab.Engine - DEBUG - 70
2016-01-27 23:43:36,055 - FincLab.Engine - DEBUG - 71
2016-01-27 23:43:36,056 - FincLab.Engine - DEBUG - 72
2016-01-27 23:43:36,057 - FincLab.Engine - DEBUG - 73
2016-01-27 23:43:36,057 - FincLab.Engine - DEBUG - 74
2016-01-27 23:43:36,058 - FincLab.Engine - DEBUG - 75
2016-01-27 23:43:36,059 - FincLab.Engine - DEBUG - 76
2016-01-27 23:43:36,061 - FincLab.Engine - DEBUG - 77
2016-01-27 23:43:36,062 - FincLab.Engine - DEBUG - 78
2016-01-27 23:43:36,062 - FincLab.Engine - DEBUG - 79
2016-01-27 23:43:36,063 - FincLab.Engine - DEBUG - 80
2016-01-27 23:43:36,064 - FincLab.Engine - DEBUG - 81
2016-01-27 23:43:36,067 - FincLab.Engine - DEBUG - 82
2016-01-27 23:43:36,068 - FincLab.Engine - DEBUG - 83
2016-01-27 23:43:36,069 - FincLab.Engine - DEBUG - 84
2016-01-27 23:43:36,070 - FincLab.Engine - DEBUG - 85
2016-01-27 23:43:36,072 - FincLab.Engine - DEBUG - 86
2016-01-27 23:43:36,073 - FincLab.Engine - DEBUG - 87
2016-01-27 23:43:36,074 - FincLab.Engine - DEBUG - 88
2016-01-27 23:43:36,075 - FincLab.Engine - DEBUG - 89
2016-01-27 23:43:36,076 - FincLab.Engine - DEBUG - 90
2016-01-27 23:43:36,078 - FincLab.Engine - DEBUG - 91
2016-01-27 23:43:36,080 - FincLab.Engine - DEBUG - 92
2016-01-27 23:43:36,082 - FincLab.Engine - DEBUG - 93
2016-01-27 23:43:36,085 - FincLab.Engine - DEBUG - 94
2016-01-27 23:43:36,086 - FincLab.Engine - DEBUG - 95
2016-01-27 23:43:36,088 - FincLab.Engine - DEBUG - 96
2016-01-27 23:43:36,089 - FincLab.Engine - DEBUG - 97
2016-01-27 23:43:36,090 - FincLab.Engine - DEBUG - 98
2016-01-27 23:43:36,091 - FincLab.Engine - DEBUG - 99
2016-01-27 23:43:36,092 - FincLab.Engine - DEBUG - 100
2016-01-27 23:43:36,094 - FincLab.Engine - DEBUG - 101
2016-01-27 23:43:36,095 - FincLab.strategy.mac - INFO - Long: 1990-05-24 00:00:00
2016-01-27 23:43:36,095 - FincLab.Engine - DEBUG - 102
2016-01-27 23:43:36,097 - FincLab.Engine - DEBUG - 103
2016-01-27 23:43:36,098 - FincLab.Engine - DEBUG - 104
2016-01-27 23:43:36,100 - FincLab.Engine - DEBUG - 105
2016-01-27 23:43:36,101 - FincLab.Engine - DEBUG - 106
2016-01-27 23:43:36,102 - FincLab.Engine - DEBUG - 107
2016-01-27 23:43:36,103 - FincLab.Engine - DEBUG - 108
2016-01-27 23:43:36,104 - FincLab.Engine - DEBUG - 109
2016-01-27 23:43:36,105 - FincLab.Engine - DEBUG - 110
2016-01-27 23:43:36,106 - FincLab.Engine - DEBUG - 111
2016-01-27 23:43:36,107 - FincLab.Engine - DEBUG - 112
2016-01-27 23:43:36,108 - FincLab.Engine - DEBUG - 113
2016-01-27 23:43:36,109 - FincLab.Engine - DEBUG - 114
2016-01-27 23:43:36,111 - FincLab.Engine - DEBUG - 115
2016-01-27 23:43:36,113 - FincLab.Engine - DEBUG - 116
2016-01-27 23:43:36,115 - FincLab.Engine - DEBUG - 117
2016-01-27 23:43:36,117 - FincLab.Engine - DEBUG - 118
2016-01-27 23:43:36,118 - FincLab.Engine - DEBUG - 119
2016-01-27 23:43:36,120 - FincLab.Engine - DEBUG - 120
2016-01-27 23:43:36,121 - FincLab.Engine - DEBUG - 121
2016-01-27 23:43:36,122 - FincLab.Engine - DEBUG - 122
2016-01-27 23:43:36,124 - FincLab.Engine - DEBUG - 123
2016-01-27 23:43:36,125 - FincLab.Engine - DEBUG - 124
2016-01-27 23:43:36,127 - FincLab.Engine - DEBUG - 125
2016-01-27 23:43:36,129 - FincLab.Engine - DEBUG - 126
2016-01-27 23:43:36,133 - FincLab.Engine - DEBUG - 127
2016-01-27 23:43:36,136 - FincLab.Engine - DEBUG - 128
2016-01-27 23:43:36,138 - FincLab.Engine - DEBUG - 129
2016-01-27 23:43:36,139 - FincLab.Engine - DEBUG - 130
2016-01-27 23:43:36,141 - FincLab.Engine - DEBUG - 131
2016-01-27 23:43:36,142 - FincLab.Engine - DEBUG - 132
2016-01-27 23:43:36,144 - FincLab.Engine - DEBUG - 133
2016-01-27 23:43:36,145 - FincLab.Engine - DEBUG - 134
2016-01-27 23:43:36,147 - FincLab.Engine - DEBUG - 135
2016-01-27 23:43:36,149 - FincLab.Engine - DEBUG - 136
2016-01-27 23:43:36,151 - FincLab.Engine - DEBUG - 137
2016-01-27 23:43:36,152 - FincLab.Engine - DEBUG - 138
2016-01-27 23:43:36,154 - FincLab.Engine - DEBUG - 139
2016-01-27 23:43:36,155 - FincLab.Engine - DEBUG - 140
2016-01-27 23:43:36,157 - FincLab.Engine - DEBUG - 141
2016-01-27 23:43:36,160 - FincLab.Engine - DEBUG - 142
2016-01-27 23:43:36,162 - FincLab.Engine - DEBUG - 143
2016-01-27 23:43:36,163 - FincLab.Engine - DEBUG - 144
2016-01-27 23:43:36,166 - FincLab.Engine - DEBUG - 145
2016-01-27 23:43:36,169 - FincLab.Engine - DEBUG - 146
2016-01-27 23:43:36,173 - FincLab.Engine - DEBUG - 147
2016-01-27 23:43:36,175 - FincLab.Engine - DEBUG - 148
2016-01-27 23:43:36,177 - FincLab.Engine - DEBUG - 149
2016-01-27 23:43:36,179 - FincLab.Engine - DEBUG - 150
2016-01-27 23:43:36,181 - FincLab.Engine - DEBUG - 151
2016-01-27 23:43:36,182 - FincLab.Engine - DEBUG - 152
2016-01-27 23:43:36,184 - FincLab.Engine - DEBUG - 153
2016-01-27 23:43:36,185 - FincLab.Engine - DEBUG - 154
2016-01-27 23:43:36,187 - FincLab.Engine - DEBUG - 155
2016-01-27 23:43:36,188 - FincLab.Engine - DEBUG - 156
2016-01-27 23:43:36,190 - FincLab.Engine - DEBUG - 157
2016-01-27 23:43:36,192 - FincLab.Engine - DEBUG - 158
2016-01-27 23:43:36,194 - FincLab.Engine - DEBUG - 159
2016-01-27 23:43:36,195 - FincLab.Engine - DEBUG - 160
2016-01-27 23:43:36,197 - FincLab.Engine - DEBUG - 161
2016-01-27 23:43:36,199 - FincLab.Engine - DEBUG - 162
2016-01-27 23:43:36,201 - FincLab.Engine - DEBUG - 163
2016-01-27 23:43:36,203 - FincLab.Engine - DEBUG - 164
2016-01-27 23:43:36,205 - FincLab.Engine - DEBUG - 165
2016-01-27 23:43:36,208 - FincLab.Engine - DEBUG - 166
2016-01-27 23:43:36,210 - FincLab.Engine - DEBUG - 167
2016-01-27 23:43:36,213 - FincLab.Engine - DEBUG - 168
2016-01-27 23:43:36,218 - FincLab.Engine - DEBUG - 169
2016-01-27 23:43:36,220 - FincLab.Engine - DEBUG - 170
2016-01-27 23:43:36,222 - FincLab.Engine - DEBUG - 171
2016-01-27 23:43:36,224 - FincLab.Engine - DEBUG - 172
2016-01-27 23:43:36,225 - FincLab.Engine - DEBUG - 173
2016-01-27 23:43:36,228 - FincLab.Engine - DEBUG - 174
2016-01-27 23:43:36,229 - FincLab.Engine - DEBUG - 175
2016-01-27 23:43:36,231 - FincLab.Engine - DEBUG - 176
2016-01-27 23:43:36,233 - FincLab.Engine - DEBUG - 177
2016-01-27 23:43:36,235 - FincLab.Engine - DEBUG - 178
2016-01-27 23:43:36,236 - FincLab.Engine - DEBUG - 179
2016-01-27 23:43:36,238 - FincLab.Engine - DEBUG - 180
2016-01-27 23:43:36,240 - FincLab.Engine - DEBUG - 181
2016-01-27 23:43:36,242 - FincLab.Engine - DEBUG - 182
2016-01-27 23:43:36,244 - FincLab.Engine - DEBUG - 183
2016-01-27 23:43:36,246 - FincLab.Engine - DEBUG - 184
2016-01-27 23:43:36,249 - FincLab.Engine - DEBUG - 185
2016-01-27 23:43:36,250 - FincLab.Engine - DEBUG - 186
2016-01-27 23:43:36,254 - FincLab.Engine - DEBUG - 187
2016-01-27 23:43:36,256 - FincLab.Engine - DEBUG - 188
2016-01-27 23:43:36,258 - FincLab.Engine - DEBUG - 189
2016-01-27 23:43:36,261 - FincLab.Engine - DEBUG - 190
2016-01-27 23:43:36,266 - FincLab.Engine - DEBUG - 191
2016-01-27 23:43:36,269 - FincLab.Engine - DEBUG - 192
2016-01-27 23:43:36,271 - FincLab.Engine - DEBUG - 193
2016-01-27 23:43:36,273 - FincLab.Engine - DEBUG - 194
2016-01-27 23:43:36,275 - FincLab.Engine - DEBUG - 195
2016-01-27 23:43:36,277 - FincLab.Engine - DEBUG - 196
2016-01-27 23:43:36,279 - FincLab.Engine - DEBUG - 197
2016-01-27 23:43:36,281 - FincLab.Engine - DEBUG - 198
2016-01-27 23:43:36,283 - FincLab.Engine - DEBUG - 199
2016-01-27 23:43:36,285 - FincLab.Engine - DEBUG - 200
2016-01-27 23:43:36,287 - FincLab.Engine - DEBUG - 201
2016-01-27 23:43:36,289 - FincLab.Engine - DEBUG - 202
2016-01-27 23:43:36,292 - FincLab.Engine - DEBUG - 203
2016-01-27 23:43:36,294 - FincLab.strategy.mac - INFO - SHORT: 1990-10-18 00:00:00
2016-01-27 23:43:36,294 - FincLab.Engine - DEBUG - 204
2016-01-27 23:43:36,297 - FincLab.Engine - DEBUG - 205
2016-01-27 23:43:36,300 - FincLab.Engine - DEBUG - 206
2016-01-27 23:43:36,303 - FincLab.Engine - DEBUG - 207
2016-01-27 23:43:36,305 - FincLab.Engine - DEBUG - 208
2016-01-27 23:43:36,307 - FincLab.Engine - DEBUG - 209
2016-01-27 23:43:36,309 - FincLab.Engine - DEBUG - 210
2016-01-27 23:43:36,312 - FincLab.Engine - DEBUG - 211
2016-01-27 23:43:36,316 - FincLab.Engine - DEBUG - 212
2016-01-27 23:43:36,320 - FincLab.Engine - DEBUG - 213
2016-01-27 23:43:36,322 - FincLab.Engine - DEBUG - 214
2016-01-27 23:43:36,324 - FincLab.Engine - DEBUG - 215
2016-01-27 23:43:36,326 - FincLab.Engine - DEBUG - 216
2016-01-27 23:43:36,329 - FincLab.Engine - DEBUG - 217
2016-01-27 23:43:36,331 - FincLab.Engine - DEBUG - 218
2016-01-27 23:43:36,333 - FincLab.Engine - DEBUG - 219
2016-01-27 23:43:36,336 - FincLab.Engine - DEBUG - 220
2016-01-27 23:43:36,338 - FincLab.Engine - DEBUG - 221
2016-01-27 23:43:36,340 - FincLab.Engine - DEBUG - 222
2016-01-27 23:43:36,343 - FincLab.Engine - DEBUG - 223
2016-01-27 23:43:36,347 - FincLab.Engine - DEBUG - 224
2016-01-27 23:43:36,349 - FincLab.Engine - DEBUG - 225
2016-01-27 23:43:36,352 - FincLab.Engine - DEBUG - 226
2016-01-27 23:43:36,354 - FincLab.Engine - DEBUG - 227
2016-01-27 23:43:36,356 - FincLab.Engine - DEBUG - 228
2016-01-27 23:43:36,358 - FincLab.Engine - DEBUG - 229
2016-01-27 23:43:36,361 - FincLab.Engine - DEBUG - 230
2016-01-27 23:43:36,365 - FincLab.Engine - DEBUG - 231
2016-01-27 23:43:36,369 - FincLab.Engine - DEBUG - 232
2016-01-27 23:43:36,372 - FincLab.Engine - DEBUG - 233
2016-01-27 23:43:36,374 - FincLab.Engine - DEBUG - 234
2016-01-27 23:43:36,376 - FincLab.Engine - DEBUG - 235
2016-01-27 23:43:36,378 - FincLab.Engine - DEBUG - 236
2016-01-27 23:43:36,381 - FincLab.Engine - DEBUG - 237
2016-01-27 23:43:36,384 - FincLab.Engine - DEBUG - 238
2016-01-27 23:43:36,386 - FincLab.Engine - DEBUG - 239
2016-01-27 23:43:36,389 - FincLab.Engine - DEBUG - 240
2016-01-27 23:43:36,393 - FincLab.Engine - DEBUG - 241
2016-01-27 23:43:36,396 - FincLab.Engine - DEBUG - 242
2016-01-27 23:43:36,400 - FincLab.Engine - DEBUG - 243
2016-01-27 23:43:36,405 - FincLab.Engine - DEBUG - 244
2016-01-27 23:43:36,408 - FincLab.Engine - DEBUG - 245
2016-01-27 23:43:36,410 - FincLab.Engine - DEBUG - 246
2016-01-27 23:43:36,413 - FincLab.Engine - DEBUG - 247
2016-01-27 23:43:36,415 - FincLab.Engine - DEBUG - 248
2016-01-27 23:43:36,418 - FincLab.Engine - DEBUG - 249
2016-01-27 23:43:36,420 - FincLab.Engine - DEBUG - 250
2016-01-27 23:43:36,422 - FincLab.Engine - DEBUG - 251
2016-01-27 23:43:36,424 - FincLab.Engine - DEBUG - 252
2016-01-27 23:43:36,427 - FincLab.Engine - DEBUG - 253
2016-01-27 23:43:36,430 - FincLab.Engine - DEBUG - 254
2016-01-27 23:43:36,432 - FincLab.Engine - DEBUG - 255
2016-01-27 23:43:36,435 - FincLab.Engine - DEBUG - 256
2016-01-27 23:43:36,437 - FincLab.Engine - DEBUG - 257
2016-01-27 23:43:36,442 - FincLab.Engine - DEBUG - 258
2016-01-27 23:43:36,447 - FincLab.Engine - DEBUG - 259
2016-01-27 23:43:36,453 - FincLab.Engine - DEBUG - 260
2016-01-27 23:43:36,455 - FincLab.Engine - DEBUG - 261
2016-01-27 23:43:36,459 - FincLab.Engine - DEBUG - 262
2016-01-27 23:43:36,462 - FincLab.Engine - DEBUG - 263
2016-01-27 23:43:36,465 - FincLab.Engine - DEBUG - 264
2016-01-27 23:43:36,468 - FincLab.Engine - DEBUG - 265
2016-01-27 23:43:36,471 - FincLab.Engine - DEBUG - 266
2016-01-27 23:43:36,473 - FincLab.Engine - DEBUG - 267
2016-01-27 23:43:36,478 - FincLab.Engine - DEBUG - 268
2016-01-27 23:43:36,482 - FincLab.Engine - DEBUG - 269
2016-01-27 23:43:36,484 - FincLab.Engine - DEBUG - 270
2016-01-27 23:43:36,489 - FincLab.Engine - DEBUG - 271
2016-01-27 23:43:36,492 - FincLab.Engine - DEBUG - 272
2016-01-27 23:43:36,497 - FincLab.Engine - DEBUG - 273
2016-01-27 23:43:36,502 - FincLab.Engine - DEBUG - 274
2016-01-27 23:43:36,505 - FincLab.Engine - DEBUG - 275
2016-01-27 23:43:36,508 - FincLab.Engine - DEBUG - 276
2016-01-27 23:43:36,510 - FincLab.Engine - DEBUG - 277
2016-01-27 23:43:36,513 - FincLab.Engine - DEBUG - 278
2016-01-27 23:43:36,516 - FincLab.Engine - DEBUG - 279
2016-01-27 23:43:36,518 - FincLab.Engine - DEBUG - 280
2016-01-27 23:43:36,521 - FincLab.strategy.mac - INFO - Long: 1991-02-07 00:00:00
2016-01-27 23:43:36,521 - FincLab.Engine - DEBUG - 281
2016-01-27 23:43:36,524 - FincLab.Engine - DEBUG - 282
2016-01-27 23:43:36,527 - FincLab.Engine - DEBUG - 283
2016-01-27 23:43:36,531 - FincLab.Engine - DEBUG - 284
2016-01-27 23:43:36,533 - FincLab.Engine - DEBUG - 285
2016-01-27 23:43:36,538 - FincLab.Engine - DEBUG - 286
2016-01-27 23:43:36,540 - FincLab.Engine - DEBUG - 287
2016-01-27 23:43:36,543 - FincLab.Engine - DEBUG - 288
2016-01-27 23:43:36,548 - FincLab.Engine - DEBUG - 289
2016-01-27 23:43:36,553 - FincLab.Engine - DEBUG - 290
2016-01-27 23:43:36,556 - FincLab.Engine - DEBUG - 291
2016-01-27 23:43:36,559 - FincLab.Engine - DEBUG - 292
2016-01-27 23:43:36,561 - FincLab.Engine - DEBUG - 293
2016-01-27 23:43:36,564 - FincLab.Engine - DEBUG - 294
2016-01-27 23:43:36,566 - FincLab.Engine - DEBUG - 295
2016-01-27 23:43:36,569 - FincLab.Engine - DEBUG - 296
2016-01-27 23:43:36,572 - FincLab.Engine - DEBUG - 297
2016-01-27 23:43:36,575 - FincLab.Engine - DEBUG - 298
2016-01-27 23:43:36,578 - FincLab.Engine - DEBUG - 299
2016-01-27 23:43:36,584 - FincLab.Engine - DEBUG - 300
2016-01-27 23:43:36,587 - FincLab.Engine - DEBUG - 301
2016-01-27 23:43:36,589 - FincLab.Engine - DEBUG - 302
2016-01-27 23:43:36,592 - FincLab.Engine - DEBUG - 303
2016-01-27 23:43:36,596 - FincLab.Engine - DEBUG - 304
2016-01-27 23:43:36,602 - FincLab.Engine - DEBUG - 305
2016-01-27 23:43:36,605 - FincLab.Engine - DEBUG - 306
2016-01-27 23:43:36,608 - FincLab.Engine - DEBUG - 307
2016-01-27 23:43:36,611 - FincLab.Engine - DEBUG - 308
2016-01-27 23:43:36,614 - FincLab.Engine - DEBUG - 309
2016-01-27 23:43:36,617 - FincLab.Engine - DEBUG - 310
2016-01-27 23:43:36,619 - FincLab.Engine - DEBUG - 311
2016-01-27 23:43:36,623 - FincLab.Engine - DEBUG - 312
2016-01-27 23:43:36,626 - FincLab.Engine - DEBUG - 313
2016-01-27 23:43:36,631 - FincLab.Engine - DEBUG - 314
2016-01-27 23:43:36,634 - FincLab.Engine - DEBUG - 315
2016-01-27 23:43:36,637 - FincLab.Engine - DEBUG - 316
2016-01-27 23:43:36,640 - FincLab.Engine - DEBUG - 317
2016-01-27 23:43:36,642 - FincLab.Engine - DEBUG - 318
2016-01-27 23:43:36,648 - FincLab.Engine - DEBUG - 319
2016-01-27 23:43:36,653 - FincLab.Engine - DEBUG - 320
2016-01-27 23:43:36,656 - FincLab.Engine - DEBUG - 321
2016-01-27 23:43:36,659 - FincLab.Engine - DEBUG - 322
2016-01-27 23:43:36,662 - FincLab.Engine - DEBUG - 323
2016-01-27 23:43:36,666 - FincLab.Engine - DEBUG - 324
2016-01-27 23:43:36,669 - FincLab.Engine - DEBUG - 325
2016-01-27 23:43:36,672 - FincLab.Engine - DEBUG - 326
2016-01-27 23:43:36,678 - FincLab.Engine - DEBUG - 327
2016-01-27 23:43:36,685 - FincLab.Engine - DEBUG - 328
2016-01-27 23:43:36,688 - FincLab.Engine - DEBUG - 329
2016-01-27 23:43:36,691 - FincLab.Engine - DEBUG - 330
2016-01-27 23:43:36,694 - FincLab.Engine - DEBUG - 331
2016-01-27 23:43:36,697 - FincLab.Engine - DEBUG - 332
2016-01-27 23:43:36,700 - FincLab.Engine - DEBUG - 333
2016-01-27 23:43:36,703 - FincLab.Engine - DEBUG - 334
2016-01-27 23:43:36,706 - FincLab.Engine - DEBUG - 335
2016-01-27 23:43:36,709 - FincLab.Engine - DEBUG - 336
2016-01-27 23:43:36,712 - FincLab.Engine - DEBUG - 337
2016-01-27 23:43:36,716 - FincLab.Engine - DEBUG - 338
2016-01-27 23:43:36,719 - FincLab.Engine - DEBUG - 339
2016-01-27 23:43:36,723 - FincLab.Engine - DEBUG - 340
2016-01-27 23:43:36,726 - FincLab.Engine - DEBUG - 341
2016-01-27 23:43:36,732 - FincLab.Engine - DEBUG - 342
2016-01-27 23:43:36,737 - FincLab.Engine - DEBUG - 343
2016-01-27 23:43:36,740 - FincLab.Engine - DEBUG - 344
2016-01-27 23:43:36,743 - FincLab.Engine - DEBUG - 345
2016-01-27 23:43:36,746 - FincLab.Engine - DEBUG - 346
2016-01-27 23:43:36,749 - FincLab.Engine - DEBUG - 347
2016-01-27 23:43:36,752 - FincLab.Engine - DEBUG - 348
2016-01-27 23:43:36,755 - FincLab.Engine - DEBUG - 349
2016-01-27 23:43:36,758 - FincLab.Engine - DEBUG - 350
2016-01-27 23:43:36,762 - FincLab.Engine - DEBUG - 351
2016-01-27 23:43:36,766 - FincLab.Engine - DEBUG - 352
2016-01-27 23:43:36,771 - FincLab.Engine - DEBUG - 353
2016-01-27 23:43:36,774 - FincLab.Engine - DEBUG - 354
2016-01-27 23:43:36,777 - FincLab.Engine - DEBUG - 355
2016-01-27 23:43:36,784 - FincLab.Engine - DEBUG - 356
2016-01-27 23:43:36,788 - FincLab.Engine - DEBUG - 357
2016-01-27 23:43:36,791 - FincLab.Engine - DEBUG - 358
2016-01-27 23:43:36,794 - FincLab.Engine - DEBUG - 359
2016-01-27 23:43:36,798 - FincLab.Engine - DEBUG - 360
2016-01-27 23:43:36,801 - FincLab.Engine - DEBUG - 361
2016-01-27 23:43:36,804 - FincLab.Engine - DEBUG - 362
2016-01-27 23:43:36,808 - FincLab.Engine - DEBUG - 363
2016-01-27 23:43:36,812 - FincLab.Engine - DEBUG - 364
2016-01-27 23:43:36,817 - FincLab.Engine - DEBUG - 365
2016-01-27 23:43:36,821 - FincLab.Engine - DEBUG - 366
2016-01-27 23:43:36,824 - FincLab.Engine - DEBUG - 367
2016-01-27 23:43:36,827 - FincLab.Engine - DEBUG - 368
2016-01-27 23:43:36,834 - FincLab.Engine - DEBUG - 369
2016-01-27 23:43:36,839 - FincLab.Engine - DEBUG - 370
2016-01-27 23:43:36,842 - FincLab.Engine - DEBUG - 371
2016-01-27 23:43:36,845 - FincLab.Engine - DEBUG - 372
2016-01-27 23:43:36,848 - FincLab.Engine - DEBUG - 373
2016-01-27 23:43:36,852 - FincLab.Engine - DEBUG - 374
2016-01-27 23:43:36,856 - FincLab.Engine - DEBUG - 375
2016-01-27 23:43:36,859 - FincLab.Engine - DEBUG - 376
2016-01-27 23:43:36,865 - FincLab.Engine - DEBUG - 377
2016-01-27 23:43:36,868 - FincLab.Engine - DEBUG - 378
2016-01-27 23:43:36,871 - FincLab.Engine - DEBUG - 379
2016-01-27 23:43:36,875 - FincLab.Engine - DEBUG - 380
2016-01-27 23:43:36,879 - FincLab.Engine - DEBUG - 381
2016-01-27 23:43:36,886 - FincLab.Engine - DEBUG - 382
2016-01-27 23:43:36,889 - FincLab.Engine - DEBUG - 383
2016-01-27 23:43:36,892 - FincLab.Engine - DEBUG - 384
2016-01-27 23:43:36,896 - FincLab.Engine - DEBUG - 385
2016-01-27 23:43:36,900 - FincLab.Engine - DEBUG - 386
2016-01-27 23:43:36,903 - FincLab.Engine - DEBUG - 387
2016-01-27 23:43:36,907 - FincLab.Engine - DEBUG - 388
2016-01-27 23:43:36,913 - FincLab.Engine - DEBUG - 389
2016-01-27 23:43:36,920 - FincLab.Engine - DEBUG - 390
2016-01-27 23:43:36,926 - FincLab.Engine - DEBUG - 391
2016-01-27 23:43:36,930 - FincLab.Engine - DEBUG - 392
2016-01-27 23:43:36,933 - FincLab.Engine - DEBUG - 393
2016-01-27 23:43:36,937 - FincLab.Engine - DEBUG - 394
2016-01-27 23:43:36,940 - FincLab.Engine - DEBUG - 395
2016-01-27 23:43:36,943 - FincLab.Engine - DEBUG - 396
2016-01-27 23:43:36,947 - FincLab.Engine - DEBUG - 397
2016-01-27 23:43:36,950 - FincLab.Engine - DEBUG - 398
2016-01-27 23:43:36,956 - FincLab.Engine - DEBUG - 399
2016-01-27 23:43:36,961 - FincLab.Engine - DEBUG - 400
2016-01-27 23:43:36,966 - FincLab.Engine - DEBUG - 401
2016-01-27 23:43:36,973 - FincLab.Engine - DEBUG - 402
2016-01-27 23:43:36,977 - FincLab.Engine - DEBUG - 403
2016-01-27 23:43:36,981 - FincLab.Engine - DEBUG - 404
2016-01-27 23:43:36,985 - FincLab.Engine - DEBUG - 405
2016-01-27 23:43:36,989 - FincLab.Engine - DEBUG - 406
2016-01-27 23:43:36,993 - FincLab.Engine - DEBUG - 407
2016-01-27 23:43:36,998 - FincLab.Engine - DEBUG - 408
2016-01-27 23:43:37,002 - FincLab.Engine - DEBUG - 409
2016-01-27 23:43:37,007 - FincLab.Engine - DEBUG - 410
2016-01-27 23:43:37,012 - FincLab.Engine - DEBUG - 411
2016-01-27 23:43:37,019 - FincLab.Engine - DEBUG - 412
2016-01-27 23:43:37,023 - FincLab.Engine - DEBUG - 413
2016-01-27 23:43:37,026 - FincLab.Engine - DEBUG - 414
2016-01-27 23:43:37,030 - FincLab.Engine - DEBUG - 415
2016-01-27 23:43:37,033 - FincLab.Engine - DEBUG - 416
2016-01-27 23:43:37,037 - FincLab.Engine - DEBUG - 417
2016-01-27 23:43:37,040 - FincLab.Engine - DEBUG - 418
2016-01-27 23:43:37,044 - FincLab.Engine - DEBUG - 419
2016-01-27 23:43:37,048 - FincLab.Engine - DEBUG - 420
2016-01-27 23:43:37,053 - FincLab.Engine - DEBUG - 421
2016-01-27 23:43:37,059 - FincLab.Engine - DEBUG - 422
2016-01-27 23:43:37,071 - FincLab.Engine - DEBUG - 423
2016-01-27 23:43:37,078 - FincLab.Engine - DEBUG - 424
2016-01-27 23:43:37,085 - FincLab.Engine - DEBUG - 425
2016-01-27 23:43:37,099 - FincLab.Engine - DEBUG - 426
2016-01-27 23:43:37,112 - FincLab.Engine - DEBUG - 427
2016-01-27 23:43:37,127 - FincLab.Engine - DEBUG - 428
2016-01-27 23:43:37,139 - FincLab.Engine - DEBUG - 429
2016-01-27 23:43:37,146 - FincLab.Engine - DEBUG - 430
2016-01-27 23:43:37,152 - FincLab.Engine - DEBUG - 431
2016-01-27 23:43:37,159 - FincLab.Engine - DEBUG - 432
2016-01-27 23:43:37,171 - FincLab.Engine - DEBUG - 433
2016-01-27 23:43:37,174 - FincLab.Engine - DEBUG - 434
2016-01-27 23:43:37,180 - FincLab.Engine - DEBUG - 435
2016-01-27 23:43:37,189 - FincLab.Engine - DEBUG - 436
2016-01-27 23:43:37,193 - FincLab.Engine - DEBUG - 437
2016-01-27 23:43:37,197 - FincLab.Engine - DEBUG - 438
2016-01-27 23:43:37,200 - FincLab.Engine - DEBUG - 439
2016-01-27 23:43:37,204 - FincLab.Engine - DEBUG - 440
2016-01-27 23:43:37,207 - FincLab.Engine - DEBUG - 441
2016-01-27 23:43:37,211 - FincLab.Engine - DEBUG - 442
2016-01-27 23:43:37,215 - FincLab.Engine - DEBUG - 443
2016-01-27 23:43:37,218 - FincLab.Engine - DEBUG - 444
2016-01-27 23:43:37,222 - FincLab.Engine - DEBUG - 445
2016-01-27 23:43:37,227 - FincLab.Engine - DEBUG - 446
2016-01-27 23:43:37,232 - FincLab.Engine - DEBUG - 447
2016-01-27 23:43:37,240 - FincLab.Engine - DEBUG - 448
2016-01-27 23:43:37,244 - FincLab.Engine - DEBUG - 449
