FincLab.Engine    : [Status]Engine:Prepare Data
FincLab.Engine    : Preparing datasets for backtesting...
FincLab.PrepData  : Retreiving the list of constituents for index sp500.
FincLab.PrepData  : Loading data for 504 assets...
FincLab.PrepData  : [Progress]0,504
FincLab.PrepData  : [Progress]1,504
FincLab.PrepData  : [Progress]2,504
FincLab.PrepData  : [Progress]3,504
FincLab.PrepData  : [Progress]4,504
FincLab.PrepData  : [Progress]5,504
FincLab.PrepData  : [Progress]6,504
FincLab.PrepData  : [Progress]7,504
FincLab.PrepData  : [Progress]8,504
FincLab.PrepData  : [Progress]9,504
FincLab.PrepData  : [Progress]10,504
FincLab.PrepData  : [Progress]11,504
FincLab.PrepData  : [Progress]12,504
FincLab.PrepData  : [Progress]13,504
FincLab.PrepData  : [Progress]14,504
FincLab.PrepData  : [Progress]15,504
FincLab.PrepData  : [Progress]16,504
FincLab.PrepData  : [Progress]17,504
FincLab.PrepData  : [Progress]18,504
FincLab.PrepData  : [Progress]19,504
FincLab.PrepData  : [Progress]20,504
FincLab.PrepData  : [Progress]21,504
FincLab.PrepData  : [Progress]22,504
FincLab.PrepData  : [Progress]23,504
FincLab.PrepData  : [Progress]24,504
FincLab.PrepData  : [Progress]25,504
FincLab.PrepData  : [Progress]26,504
FincLab.PrepData  : [Progress]27,504
FincLab.PrepData  : [Progress]28,504
FincLab.PrepData  : [Progress]29,504
FincLab.PrepData  : [Progress]30,504
FincLab.PrepData  : [Progress]31,504
FincLab.PrepData  : [Progress]32,504
FincLab.PrepData  : [Progress]33,504
FincLab.PrepData  : [Progress]34,504
FincLab.PrepData  : [Progress]35,504
FincLab.PrepData  : [Progress]36,504
FincLab.PrepData  : [Progress]37,504
FincLab.PrepData  : [Progress]38,504
FincLab.PrepData  : [Progress]39,504
FincLab.PrepData  : [Progress]40,504
FincLab.PrepData  : [Progress]41,504
FincLab.PrepData  : [Progress]42,504
FincLab.PrepData  : [Progress]43,504
FincLab.PrepData  : [Progress]44,504
FincLab.PrepData  : [Progress]45,504
FincLab.PrepData  : [Progress]46,504
FincLab.PrepData  : [Progress]47,504
FincLab.PrepData  : [Progress]48,504
FincLab.PrepData  : [Progress]49,504
FincLab.PrepData  : [Progress]50,504
FincLab.PrepData  : [Progress]51,504
FincLab.PrepData  : [Progress]52,504
FincLab.PrepData  : [Progress]53,504
FincLab.PrepData  : [Progress]54,504
FincLab.PrepData  : [Progress]55,504
FincLab.PrepData  : [Progress]56,504
FincLab.PrepData  : [Progress]57,504
FincLab.PrepData  : [Progress]58,504
FincLab.PrepData  : [Progress]59,504
FincLab.PrepData  : [Progress]60,504
FincLab.PrepData  : [Progress]61,504
FincLab.PrepData  : [Progress]62,504
FincLab.PrepData  : [Progress]63,504
FincLab.PrepData  : [Progress]64,504
FincLab.PrepData  : [Progress]65,504
FincLab.PrepData  : [Progress]66,504
FincLab.PrepData  : [Progress]67,504
FincLab.PrepData  : [Progress]68,504
FincLab.PrepData  : [Progress]69,504
FincLab.PrepData  : [Progress]70,504
FincLab.PrepData  : [Progress]71,504
FincLab.PrepData  : [Progress]72,504
FincLab.PrepData  : [Progress]73,504
FincLab.PrepData  : [Progress]74,504
FincLab.PrepData  : [Progress]75,504
FincLab.PrepData  : [Progress]76,504
FincLab.PrepData  : [Progress]77,504
FincLab.PrepData  : [Progress]78,504
FincLab.PrepData  : [Progress]79,504
FincLab.PrepData  : [Progress]80,504
FincLab.PrepData  : [Progress]81,504
FincLab.PrepData  : [Progress]82,504
FincLab.PrepData  : [Progress]83,504
FincLab.PrepData  : [Progress]84,504
FincLab.PrepData  : [Progress]85,504
FincLab.PrepData  : [Progress]86,504
FincLab.PrepData  : [Progress]87,504
FincLab.PrepData  : [Progress]88,504
FincLab.PrepData  : [Progress]89,504
FincLab.PrepData  : [Progress]90,504
FincLab.PrepData  : [Progress]91,504
FincLab.PrepData  : [Progress]92,504
FincLab.PrepData  : [Progress]93,504
FincLab.PrepData  : [Progress]94,504
FincLab.PrepData  : [Progress]95,504
FincLab.PrepData  : [Progress]96,504
FincLab.PrepData  : [Progress]97,504
FincLab.PrepData  : [Progress]98,504
FincLab.PrepData  : [Progress]99,504
FincLab.PrepData  : [Progress]100,504
FincLab.PrepData  : [Progress]101,504
FincLab.PrepData  : [Progress]102,504
FincLab.PrepData  : [Progress]103,504
FincLab.PrepData  : [Progress]104,504
FincLab.PrepData  : [Progress]105,504
FincLab.PrepData  : [Progress]106,504
FincLab.PrepData  : [Progress]107,504
FincLab.PrepData  : [Progress]108,504
FincLab.PrepData  : [Progress]109,504
FincLab.PrepData  : [Progress]110,504
FincLab.PrepData  : [Progress]111,504
FincLab.PrepData  : [Progress]112,504
FincLab.PrepData  : [Progress]113,504
FincLab.PrepData  : [Progress]114,504
FincLab.PrepData  : [Progress]115,504
FincLab.PrepData  : [Progress]116,504
FincLab.PrepData  : [Progress]117,504
FincLab.PrepData  : [Progress]118,504
FincLab.PrepData  : [Progress]119,504
FincLab.PrepData  : [Progress]120,504
FincLab.PrepData  : [Progress]121,504
FincLab.PrepData  : [Progress]122,504
FincLab.PrepData  : [Progress]123,504
FincLab.PrepData  : [Progress]124,504
FincLab.PrepData  : [Progress]125,504
FincLab.PrepData  : [Progress]126,504
FincLab.PrepData  : [Progress]127,504
FincLab.PrepData  : [Progress]128,504
FincLab.PrepData  : [Progress]129,504
FincLab.PrepData  : [Progress]130,504
FincLab.PrepData  : [Progress]131,504
FincLab.PrepData  : [Progress]132,504
FincLab.PrepData  : [Progress]133,504
FincLab.PrepData  : [Progress]134,504
FincLab.PrepData  : [Progress]135,504
FincLab.PrepData  : [Progress]136,504
FincLab.PrepData  : [Progress]137,504
FincLab.PrepData  : [Progress]138,504
FincLab.PrepData  : [Progress]139,504
FincLab.PrepData  : [Progress]140,504
FincLab.PrepData  : [Progress]141,504
FincLab.PrepData  : [Progress]142,504
FincLab.PrepData  : [Progress]143,504
FincLab.PrepData  : [Progress]144,504
FincLab.PrepData  : [Progress]145,504
FincLab.PrepData  : [Progress]146,504
FincLab.PrepData  : [Progress]147,504
FincLab.PrepData  : [Progress]148,504
FincLab.PrepData  : [Progress]149,504
FincLab.PrepData  : [Progress]150,504
FincLab.PrepData  : [Progress]151,504
FincLab.PrepData  : [Progress]152,504
FincLab.PrepData  : [Progress]153,504
FincLab.PrepData  : [Progress]154,504
FincLab.PrepData  : [Progress]155,504
FincLab.PrepData  : [Progress]156,504
FincLab.PrepData  : [Progress]157,504
FincLab.PrepData  : [Progress]158,504
FincLab.PrepData  : [Progress]159,504
FincLab.PrepData  : [Progress]160,504
FincLab.PrepData  : [Progress]161,504
FincLab.PrepData  : [Progress]162,504
FincLab.PrepData  : [Progress]163,504
FincLab.PrepData  : [Progress]164,504
FincLab.PrepData  : [Progress]165,504
FincLab.PrepData  : [Progress]166,504
FincLab.PrepData  : [Progress]167,504
FincLab.PrepData  : [Progress]168,504
FincLab.PrepData  : [Progress]169,504
FincLab.PrepData  : [Progress]170,504
FincLab.PrepData  : [Progress]171,504
FincLab.PrepData  : [Progress]172,504
FincLab.PrepData  : [Progress]173,504
FincLab.PrepData  : [Progress]174,504
FincLab.PrepData  : [Progress]175,504
FincLab.PrepData  : [Progress]176,504
FincLab.PrepData  : [Progress]177,504
FincLab.PrepData  : [Progress]178,504
FincLab.PrepData  : [Progress]179,504
FincLab.PrepData  : [Progress]180,504
FincLab.PrepData  : [Progress]181,504
FincLab.PrepData  : [Progress]182,504
FincLab.PrepData  : [Progress]183,504
FincLab.PrepData  : [Progress]184,504
FincLab.PrepData  : [Progress]185,504
FincLab.PrepData  : [Progress]186,504
FincLab.PrepData  : [Progress]187,504
FincLab.PrepData  : [Progress]188,504
FincLab.PrepData  : [Progress]189,504
FincLab.PrepData  : [Progress]190,504
FincLab.PrepData  : [Progress]191,504
FincLab.PrepData  : [Progress]192,504
FincLab.PrepData  : [Progress]193,504
FincLab.PrepData  : [Progress]194,504
FincLab.PrepData  : [Progress]195,504
FincLab.PrepData  : [Progress]196,504
FincLab.PrepData  : [Progress]197,504
FincLab.PrepData  : [Progress]198,504
FincLab.PrepData  : [Progress]199,504
FincLab.PrepData  : [Progress]200,504
FincLab.PrepData  : [Progress]201,504
FincLab.PrepData  : [Progress]202,504
FincLab.PrepData  : [Progress]203,504
FincLab.PrepData  : [Progress]204,504
FincLab.PrepData  : [Progress]205,504
FincLab.PrepData  : [Progress]206,504
FincLab.PrepData  : [Progress]207,504
FincLab.PrepData  : [Progress]208,504
FincLab.PrepData  : [Progress]209,504
FincLab.PrepData  : [Progress]210,504
FincLab.PrepData  : [Progress]211,504
FincLab.PrepData  : [Progress]212,504
FincLab.PrepData  : [Progress]213,504
FincLab.PrepData  : [Progress]214,504
FincLab.PrepData  : [Progress]215,504
FincLab.PrepData  : [Progress]216,504
FincLab.PrepData  : [Progress]217,504
FincLab.PrepData  : [Progress]218,504
FincLab.PrepData  : [Progress]219,504
FincLab.PrepData  : [Progress]220,504
FincLab.PrepData  : [Progress]221,504
FincLab.PrepData  : [Progress]222,504
FincLab.PrepData  : [Progress]223,504
FincLab.PrepData  : [Progress]224,504
FincLab.PrepData  : [Progress]225,504
FincLab.PrepData  : [Progress]226,504
FincLab.PrepData  : [Progress]227,504
FincLab.PrepData  : [Progress]228,504
FincLab.PrepData  : [Progress]229,504
FincLab.PrepData  : [Progress]230,504
FincLab.PrepData  : [Progress]231,504
FincLab.PrepData  : [Progress]232,504
FincLab.PrepData  : [Progress]233,504
FincLab.PrepData  : [Progress]234,504
FincLab.PrepData  : [Progress]235,504
FincLab.PrepData  : [Progress]236,504
FincLab.PrepData  : [Progress]237,504
FincLab.PrepData  : [Progress]238,504
FincLab.PrepData  : [Progress]239,504
FincLab.PrepData  : [Progress]240,504
FincLab.PrepData  : [Progress]241,504
FincLab.PrepData  : [Progress]242,504
FincLab.PrepData  : [Progress]243,504
FincLab.PrepData  : [Progress]244,504
FincLab.PrepData  : [Progress]245,504
FincLab.PrepData  : [Progress]246,504
FincLab.PrepData  : [Progress]247,504
FincLab.PrepData  : [Progress]248,504
FincLab.PrepData  : [Progress]249,504
FincLab.PrepData  : [Progress]250,504
FincLab.PrepData  : [Progress]251,504
FincLab.PrepData  : [Progress]252,504
FincLab.PrepData  : [Progress]253,504
FincLab.PrepData  : [Progress]254,504
FincLab.PrepData  : [Progress]255,504
FincLab.PrepData  : [Progress]256,504
FincLab.PrepData  : [Progress]257,504
FincLab.PrepData  : [Progress]258,504
FincLab.PrepData  : [Progress]259,504
FincLab.PrepData  : [Progress]260,504
FincLab.PrepData  : [Progress]261,504
FincLab.PrepData  : [Progress]262,504
FincLab.PrepData  : [Progress]263,504
FincLab.PrepData  : [Progress]264,504
FincLab.PrepData  : [Progress]265,504
FincLab.PrepData  : [Progress]266,504
FincLab.PrepData  : [Progress]267,504
FincLab.PrepData  : [Progress]268,504
FincLab.PrepData  : [Progress]269,504
FincLab.PrepData  : [Progress]270,504
FincLab.PrepData  : [Progress]271,504
FincLab.PrepData  : [Progress]272,504
FincLab.PrepData  : [Progress]273,504
FincLab.PrepData  : [Progress]274,504
FincLab.PrepData  : [Progress]275,504
FincLab.PrepData  : [Progress]276,504
FincLab.PrepData  : [Progress]277,504
FincLab.PrepData  : [Progress]278,504
FincLab.PrepData  : [Progress]279,504
FincLab.PrepData  : [Progress]280,504
FincLab.PrepData  : [Progress]281,504
FincLab.PrepData  : [Progress]282,504
FincLab.PrepData  : [Progress]283,504
FincLab.PrepData  : [Progress]284,504
FincLab.PrepData  : [Progress]285,504
FincLab.PrepData  : [Progress]286,504
FincLab.PrepData  : [Progress]287,504
FincLab.PrepData  : [Progress]288,504
FincLab.PrepData  : [Progress]289,504
FincLab.PrepData  : [Progress]290,504
FincLab.PrepData  : [Progress]291,504
FincLab.PrepData  : [Progress]292,504
FincLab.PrepData  : [Progress]293,504
FincLab.PrepData  : [Progress]294,504
FincLab.PrepData  : [Progress]295,504
FincLab.PrepData  : [Progress]296,504
FincLab.PrepData  : [Progress]297,504
FincLab.PrepData  : [Progress]298,504
FincLab.PrepData  : [Progress]299,504
FincLab.PrepData  : [Progress]300,504
FincLab.PrepData  : [Progress]301,504
FincLab.PrepData  : [Progress]302,504
FincLab.PrepData  : [Progress]303,504
FincLab.PrepData  : [Progress]304,504
FincLab.PrepData  : [Progress]305,504
FincLab.PrepData  : [Progress]306,504
FincLab.PrepData  : [Progress]307,504
FincLab.PrepData  : [Progress]308,504
FincLab.PrepData  : [Progress]309,504
FincLab.PrepData  : [Progress]310,504
FincLab.PrepData  : [Progress]311,504
FincLab.PrepData  : [Progress]312,504
FincLab.PrepData  : [Progress]313,504
FincLab.PrepData  : [Progress]314,504
FincLab.PrepData  : [Progress]315,504
FincLab.PrepData  : [Progress]316,504
FincLab.PrepData  : [Progress]317,504
FincLab.PrepData  : [Progress]318,504
FincLab.PrepData  : [Progress]319,504
FincLab.PrepData  : [Progress]320,504
FincLab.PrepData  : [Progress]321,504
FincLab.PrepData  : [Progress]322,504
FincLab.PrepData  : [Progress]323,504
FincLab.PrepData  : [Progress]324,504
FincLab.PrepData  : [Progress]325,504
FincLab.PrepData  : [Progress]326,504
FincLab.PrepData  : [Progress]327,504
FincLab.PrepData  : [Progress]328,504
FincLab.PrepData  : [Progress]329,504
FincLab.PrepData  : [Progress]330,504
FincLab.PrepData  : [Progress]331,504
FincLab.PrepData  : [Progress]332,504
FincLab.PrepData  : [Progress]333,504
FincLab.PrepData  : [Progress]334,504
FincLab.PrepData  : [Progress]335,504
FincLab.PrepData  : [Progress]336,504
FincLab.PrepData  : [Progress]337,504
FincLab.PrepData  : [Progress]338,504
FincLab.PrepData  : [Progress]339,504
FincLab.PrepData  : [Progress]340,504
FincLab.PrepData  : [Progress]341,504
FincLab.PrepData  : [Progress]342,504
FincLab.PrepData  : [Progress]343,504
FincLab.PrepData  : [Progress]344,504
FincLab.PrepData  : [Progress]345,504
FincLab.PrepData  : [Progress]346,504
FincLab.PrepData  : [Progress]347,504
FincLab.PrepData  : [Progress]348,504
FincLab.PrepData  : [Progress]349,504
FincLab.PrepData  : [Progress]350,504
FincLab.PrepData  : [Progress]351,504
FincLab.PrepData  : [Progress]352,504
FincLab.PrepData  : [Progress]353,504
FincLab.PrepData  : [Progress]354,504
FincLab.PrepData  : [Progress]355,504
FincLab.PrepData  : [Progress]356,504
FincLab.PrepData  : [Progress]357,504
FincLab.PrepData  : [Progress]358,504
FincLab.PrepData  : [Progress]359,504
FincLab.PrepData  : [Progress]360,504
FincLab.PrepData  : [Progress]361,504
FincLab.PrepData  : [Progress]362,504
FincLab.PrepData  : [Progress]363,504
FincLab.PrepData  : [Progress]364,504
FincLab.PrepData  : [Progress]365,504
FincLab.PrepData  : [Progress]366,504
FincLab.PrepData  : [Progress]367,504
FincLab.PrepData  : [Progress]368,504
FincLab.PrepData  : [Progress]369,504
FincLab.PrepData  : [Progress]370,504
FincLab.PrepData  : [Progress]371,504
FincLab.PrepData  : [Progress]372,504
FincLab.PrepData  : [Progress]373,504
FincLab.PrepData  : [Progress]374,504
FincLab.PrepData  : [Progress]375,504
FincLab.PrepData  : [Progress]376,504
FincLab.PrepData  : [Progress]377,504
FincLab.PrepData  : [Progress]378,504
FincLab.PrepData  : [Progress]379,504
FincLab.PrepData  : [Progress]380,504
FincLab.PrepData  : [Progress]381,504
FincLab.PrepData  : [Progress]382,504
FincLab.PrepData  : [Progress]383,504
FincLab.PrepData  : [Progress]384,504
FincLab.PrepData  : [Progress]385,504
FincLab.PrepData  : [Progress]386,504
FincLab.PrepData  : [Progress]387,504
FincLab.PrepData  : [Progress]388,504
FincLab.PrepData  : [Progress]389,504
FincLab.PrepData  : [Progress]390,504
FincLab.PrepData  : [Progress]391,504
FincLab.PrepData  : [Progress]392,504
FincLab.PrepData  : [Progress]393,504
FincLab.PrepData  : [Progress]394,504
FincLab.PrepData  : [Progress]395,504
FincLab.PrepData  : [Progress]396,504
FincLab.PrepData  : [Progress]397,504
FincLab.PrepData  : [Progress]398,504
FincLab.PrepData  : [Progress]399,504
FincLab.PrepData  : [Progress]400,504
FincLab.PrepData  : [Progress]401,504
FincLab.PrepData  : [Progress]402,504
FincLab.PrepData  : [Progress]403,504
FincLab.PrepData  : [Progress]404,504
FincLab.PrepData  : [Progress]405,504
FincLab.PrepData  : [Progress]406,504
FincLab.PrepData  : [Progress]407,504
FincLab.PrepData  : [Progress]408,504
FincLab.PrepData  : [Progress]409,504
FincLab.PrepData  : [Progress]410,504
FincLab.PrepData  : [Progress]411,504
FincLab.PrepData  : [Progress]412,504
FincLab.PrepData  : [Progress]413,504
FincLab.PrepData  : [Progress]414,504
FincLab.PrepData  : [Progress]415,504
FincLab.PrepData  : [Progress]416,504
FincLab.PrepData  : [Progress]417,504
FincLab.PrepData  : [Progress]418,504
FincLab.PrepData  : [Progress]419,504
FincLab.PrepData  : [Progress]420,504
FincLab.PrepData  : [Progress]421,504
FincLab.PrepData  : [Progress]422,504
FincLab.PrepData  : [Progress]423,504
FincLab.PrepData  : [Progress]424,504
FincLab.PrepData  : [Progress]425,504
FincLab.PrepData  : [Progress]426,504
FincLab.PrepData  : [Progress]427,504
FincLab.PrepData  : [Progress]428,504
FincLab.PrepData  : [Progress]429,504
FincLab.PrepData  : [Progress]430,504
FincLab.PrepData  : [Progress]431,504
FincLab.PrepData  : [Progress]432,504
FincLab.PrepData  : [Progress]433,504
FincLab.PrepData  : [Progress]434,504
FincLab.PrepData  : [Progress]435,504
FincLab.PrepData  : [Progress]436,504
FincLab.PrepData  : [Progress]437,504
FincLab.PrepData  : [Progress]438,504
FincLab.PrepData  : [Progress]439,504
FincLab.PrepData  : [Progress]440,504
FincLab.PrepData  : [Progress]441,504
FincLab.PrepData  : [Progress]442,504
FincLab.PrepData  : [Progress]443,504
FincLab.PrepData  : [Progress]444,504
FincLab.PrepData  : [Progress]445,504
FincLab.PrepData  : [Progress]446,504
FincLab.PrepData  : [Progress]447,504
FincLab.PrepData  : [Progress]448,504
FincLab.PrepData  : [Progress]449,504
FincLab.PrepData  : [Progress]450,504
FincLab.PrepData  : [Progress]451,504
FincLab.PrepData  : [Progress]452,504
FincLab.PrepData  : [Progress]453,504
FincLab.PrepData  : [Progress]454,504
FincLab.PrepData  : [Progress]455,504
FincLab.PrepData  : [Progress]456,504
FincLab.PrepData  : [Progress]457,504
FincLab.PrepData  : [Progress]458,504
FincLab.PrepData  : [Progress]459,504
FincLab.PrepData  : [Progress]460,504
FincLab.PrepData  : [Progress]461,504
FincLab.PrepData  : [Progress]462,504
FincLab.PrepData  : [Progress]463,504
FincLab.PrepData  : [Progress]464,504
FincLab.PrepData  : [Progress]465,504
FincLab.PrepData  : [Progress]466,504
FincLab.PrepData  : [Progress]467,504
FincLab.PrepData  : [Progress]468,504
FincLab.PrepData  : [Progress]469,504
FincLab.PrepData  : [Progress]470,504
FincLab.PrepData  : [Progress]471,504
FincLab.PrepData  : [Progress]472,504
FincLab.PrepData  : [Progress]473,504
FincLab.PrepData  : [Progress]474,504
FincLab.PrepData  : [Progress]475,504
FincLab.PrepData  : [Progress]476,504
FincLab.PrepData  : [Progress]477,504
FincLab.PrepData  : [Progress]478,504
FincLab.PrepData  : [Progress]479,504
FincLab.PrepData  : [Progress]480,504
FincLab.PrepData  : [Progress]481,504
FincLab.PrepData  : [Progress]482,504
FincLab.PrepData  : [Progress]483,504
FincLab.PrepData  : [Progress]484,504
FincLab.PrepData  : [Progress]485,504
FincLab.PrepData  : [Progress]486,504
FincLab.PrepData  : [Progress]487,504
FincLab.PrepData  : [Progress]488,504
FincLab.PrepData  : [Progress]489,504
FincLab.PrepData  : [Progress]490,504
FincLab.PrepData  : [Progress]491,504
FincLab.PrepData  : [Progress]492,504
FincLab.PrepData  : [Progress]493,504
FincLab.PrepData  : [Progress]494,504
FincLab.PrepData  : [Progress]495,504
FincLab.PrepData  : [Progress]496,504
FincLab.PrepData  : [Progress]497,504
FincLab.PrepData  : [Progress]498,504
FincLab.PrepData  : [Progress]499,504
FincLab.PrepData  : [Progress]500,504
FincLab.PrepData  : [Progress]501,504
FincLab.PrepData  : [Progress]502,504
FincLab.PrepData  : [Progress]503,504
FincLab.PrepData  : Successfully constructed datasets for backtesting.
FincLab.Engine    : [Status]Engine:Initialising
FincLab.Engine    : Initialising system components: 
FincLab.Engine    :     data handler, strategy, portfolio and execution handler...
FincLab.HistData  : [Status]loading_data:ECL
FincLab.HistData  : [Status]loading_data:MON
FincLab.HistData  : [Status]loading_data:DHR
FincLab.HistData  : [Status]loading_data:SRE
FincLab.HistData  : [Status]loading_data:AGN
FincLab.HistData  : [Status]loading_data:EOG
FincLab.HistData  : [Status]loading_data:MS
FincLab.HistData  : [Status]loading_data:EQR
FincLab.HistData  : [Status]loading_data:REGN
FincLab.HistData  : [Status]loading_data:DISCA
FincLab.HistData  : [Status]loading_data:EMC
FincLab.HistData  : [Status]loading_data:CAT
FincLab.HistData  : [Status]loading_data:STX
FincLab.HistData  : [Status]loading_data:SNA
FincLab.HistData  : [Status]loading_data:TGNA
FincLab.HistData  : [Status]loading_data:CERN
FincLab.HistData  : [Status]loading_data:AFL
FincLab.HistData  : [Status]loading_data:BLK
FincLab.HistData  : [Status]loading_data:NOC
FincLab.HistData  : [Status]loading_data:LVLT
FincLab.HistData  : [Status]loading_data:YHOO
FincLab.HistData  : [Status]loading_data:DD
FincLab.HistData  : [Status]loading_data:CBG
FincLab.HistData  : [Status]loading_data:HIG
FincLab.HistData  : [Status]loading_data:ES
FincLab.HistData  : [Status]loading_data:LRCX
FincLab.HistData  : [Status]loading_data:UA
FincLab.HistData  : [Status]loading_data:SEE
FincLab.HistData  : [Status]loading_data:ESRX
FincLab.HistData  : [Status]loading_data:LM
FincLab.HistData  : [Status]loading_data:ABBV
FincLab.HistData  : [Status]loading_data:CHK
FincLab.HistData  : [Status]loading_data:STZ
FincLab.HistData  : [Status]loading_data:DLTR
FincLab.HistData  : [Status]loading_data:GRMN
FincLab.HistData  : [Status]loading_data:D
FincLab.HistData  : [Status]loading_data:XOM
FincLab.HistData  : [Status]loading_data:USB
FincLab.HistData  : [Status]loading_data:VRSK
FincLab.HistData  : [Status]loading_data:XYL
FincLab.HistData  : [Status]loading_data:PEG
FincLab.HistData  : [Status]loading_data:MO
FincLab.HistData  : [Status]loading_data:FFIV
FincLab.HistData  : [Status]loading_data:RRC
FincLab.HistData  : [Status]loading_data:TEL
FincLab.HistData  : [Status]loading_data:EW
FincLab.HistData  : [Status]loading_data:SBUX
FincLab.HistData  : [Status]loading_data:LYB
FincLab.HistData  : [Status]loading_data:MRO
FincLab.HistData  : [Status]loading_data:SO
FincLab.HistData  : [Status]loading_data:TWC
FincLab.HistData  : [Status]loading_data:CVX
FincLab.HistData  : [Status]loading_data:FOX
FincLab.HistData  : [Status]loading_data:FAST
FincLab.HistData  : [Status]loading_data:DIS
FincLab.HistData  : [Status]loading_data:NLSN
FincLab.HistData  : [Status]loading_data:DAL
FincLab.HistData  : [Status]loading_data:MLM
FincLab.HistData  : [Status]loading_data:MDLZ
FincLab.HistData  : [Status]loading_data:BA
FincLab.HistData  : [Status]loading_data:BWA
FincLab.HistData  : [Status]loading_data:PAYX
FincLab.HistData  : [Status]loading_data:HCN
FincLab.HistData  : [Status]loading_data:SWK
FincLab.HistData  : [Status]loading_data:PYPL
FincLab.HistData  : [Status]loading_data:NTRS
FincLab.HistData  : [Status]loading_data:MTB
FincLab.HistData  : [Status]loading_data:CVC
FincLab.HistData  : [Status]loading_data:CHD
FincLab.HistData  : [Status]loading_data:CMA
FincLab.HistData  : [Status]loading_data:GT
FincLab.HistData  : [Status]loading_data:V
FincLab.HistData  : [Status]loading_data:CCL
FincLab.HistData  : [Status]loading_data:M
FincLab.HistData  : [Status]loading_data:XRAY
FincLab.HistData  : [Status]loading_data:ORLY
FincLab.HistData  : [Status]loading_data:FCX
FincLab.HistData  : [Status]loading_data:KSS
FincLab.HistData  : [Status]loading_data:WLTW
FincLab.HistData  : [Status]loading_data:UNH
FincLab.HistData  : [Status]loading_data:BK
FincLab.HistData  : [Status]loading_data:MAR
FincLab.HistData  : [Status]loading_data:AVB
FincLab.HistData  : [Status]loading_data:VIAB
FincLab.HistData  : [Status]loading_data:TSCO
FincLab.HistData  : [Status]loading_data:THC
FincLab.HistData  : [Status]loading_data:COP
FincLab.HistData  : [Status]loading_data:HAS
FincLab.HistData  : [Status]loading_data:CA
FincLab.HistData  : [Status]loading_data:SCG
FincLab.HistData  : [Status]loading_data:EIX
FincLab.HistData  : [Status]loading_data:MYL
FincLab.HistData  : [Status]loading_data:KORS
FincLab.HistData  : [Status]loading_data:EFX
FincLab.HistData  : [Status]loading_data:XEL
FincLab.HistData  : [Status]loading_data:AMG
FincLab.HistData  : [Status]loading_data:PVH
FincLab.HistData  : [Status]loading_data:TJX
FincLab.HistData  : [Status]loading_data:UHS
FincLab.HistData  : [Status]loading_data:NVDA
FincLab.HistData  : [Status]loading_data:INTU
FincLab.HistData  : [Status]loading_data:ROP
FincLab.HistData  : [Status]loading_data:AIZ
FincLab.HistData  : [Status]loading_data:PBI
FincLab.HistData  : [Status]loading_data:MCO
FincLab.HistData  : [Status]loading_data:QCOM
FincLab.HistData  : [Status]loading_data:COH
FincLab.HistData  : [Status]loading_data:ETR
FincLab.HistData  : [Status]loading_data:ROK
FincLab.HistData  : [Status]loading_data:PG
FincLab.HistData  : [Status]loading_data:KO
FincLab.HistData  : [Status]loading_data:BLL
FincLab.HistData  : [Status]loading_data:JWN
FincLab.HistData  : [Status]loading_data:MRK
FincLab.HistData  : [Status]loading_data:AVY
FincLab.HistData  : [Status]loading_data:NFLX
FincLab.HistData  : [Status]loading_data:TIF
FincLab.HistData  : [Status]loading_data:AMT
FincLab.HistData  : [Status]loading_data:LLTC
FincLab.HistData  : [Status]loading_data:KSU
FincLab.HistData  : [Status]loading_data:FITB
FincLab.HistData  : [Status]loading_data:EXPD
FincLab.HistData  : [Status]loading_data:DTE
FincLab.HistData  : [Status]loading_data:BAC
FincLab.HistData  : [Status]loading_data:CMCSA
FincLab.HistData  : [Status]loading_data:PCL
FincLab.HistData  : [Status]loading_data:KMX
FincLab.HistData  : [Status]loading_data:HOG
FincLab.HistData  : [Status]loading_data:MUR
FincLab.HistData  : [Status]loading_data:NI
FincLab.HistData  : [Status]loading_data:DOW
FincLab.HistData  : [Status]loading_data:AES
FincLab.HistData  : [Status]loading_data:HD
FincLab.HistData  : [Status]loading_data:HRB
FincLab.HistData  : [Status]loading_data:EA
FincLab.HistData  : [Status]loading_data:ABT
FincLab.HistData  : [Status]loading_data:RIG
FincLab.HistData  : [Status]loading_data:TDC
FincLab.HistData  : [Status]loading_data:ZBH
FincLab.HistData  : [Status]loading_data:TE
FincLab.HistData  : [Status]loading_data:DNB
FincLab.HistData  : [Status]loading_data:OMC
FincLab.HistData  : [Status]loading_data:HSIC
FincLab.HistData  : [Status]loading_data:MCK
FincLab.HistData  : [Status]loading_data:WMT
FincLab.HistData  : [Status]loading_data:TXT
FincLab.HistData  : [Status]loading_data:NOV
FincLab.HistData  : [Status]loading_data:PM
FincLab.HistData  : [Status]loading_data:BCR
FincLab.HistData  : [Status]loading_data:FB
FincLab.HistData  : [Status]loading_data:SLG
FincLab.HistData  : [Status]loading_data:NWL
FincLab.HistData  : [Status]loading_data:GD
FincLab.HistData  : [Status]loading_data:CNX
FincLab.HistData  : [Status]loading_data:BBT
FincLab.HistData  : [Status]loading_data:DPS
FincLab.HistData  : [Status]loading_data:TWX
FincLab.HistData  : [Status]loading_data:PGR
FincLab.HistData  : [Status]loading_data:JEC
FincLab.HistData  : [Status]loading_data:ICE
FincLab.HistData  : [Status]loading_data:HP
FincLab.HistData  : [Status]loading_data:EL
FincLab.HistData  : [Status]loading_data:DG
FincLab.HistData  : [Status]loading_data:FLR
FincLab.HistData  : [Status]loading_data:HON
FincLab.HistData  : [Status]loading_data:JCI
FincLab.HistData  : [Status]loading_data:LB
FincLab.HistData  : [Status]loading_data:ETN
FincLab.HistData  : [Status]loading_data:EQT
FincLab.HistData  : [Status]loading_data:VFC
FincLab.HistData  : [Status]loading_data:RAI
FincLab.HistData  : [Status]loading_data:LOW
FincLab.HistData  : [Status]loading_data:TGT
FincLab.HistData  : [Status]loading_data:BEN
FincLab.HistData  : [Status]loading_data:EMR
FincLab.HistData  : [Status]loading_data:COF
FincLab.HistData  : [Status]loading_data:NWS
FincLab.HistData  : [Status]loading_data:KR
FincLab.HistData  : [Status]loading_data:WBA
FincLab.HistData  : [Status]loading_data:ANTM
FincLab.HistData  : [Status]loading_data:A
FincLab.HistData  : [Status]loading_data:TSS
FincLab.HistData  : [Status]loading_data:GPS
FincLab.HistData  : [Status]loading_data:PCG
FincLab.HistData  : [Status]loading_data:BDX
FincLab.HistData  : [Status]loading_data:RHI
FincLab.HistData  : [Status]loading_data:CFG
FincLab.HistData  : [Status]loading_data:BBY
FincLab.HistData  : [Status]loading_data:CRM
FincLab.HistData  : [Status]loading_data:VLO
FincLab.HistData  : [Status]loading_data:AAP
FincLab.HistData  : [Status]loading_data:HOT
FincLab.HistData  : [Status]loading_data:PX
FincLab.HistData  : [Status]loading_data:ALL
FincLab.HistData  : [Status]loading_data:BMY
FincLab.HistData  : [Status]loading_data:PFE
FincLab.HistData  : [Status]loading_data:SLB
FincLab.HistData  : [Status]loading_data:NWSA
FincLab.HistData  : [Status]loading_data:GGP
FincLab.HistData  : [Status]loading_data:NFX
FincLab.HistData  : [Status]loading_data:ADS
FincLab.HistData  : [Status]loading_data:SNDK
FincLab.HistData  : [Status]loading_data:GAS
FincLab.HistData  : [Status]loading_data:HPQ
FincLab.HistData  : [Status]loading_data:YUM
FincLab.HistData  : [Status]loading_data:EMN
FincLab.HistData  : [Status]loading_data:EXPE
FincLab.HistData  : [Status]loading_data:ISRG
FincLab.HistData  : [Status]loading_data:ADT
FincLab.HistData  : [Status]loading_data:GOOGL
FincLab.HistData  : [Status]loading_data:HCA
FincLab.HistData  : [Status]loading_data:PSX
FincLab.HistData  : [Status]loading_data:RL
FincLab.HistData  : [Status]loading_data:IP
FincLab.HistData  : [Status]loading_data:PPG
FincLab.HistData  : [Status]loading_data:DVN
FincLab.HistData  : [Status]loading_data:LLY
FincLab.HistData  : [Status]loading_data:FSLR
FincLab.HistData  : [Status]loading_data:CTAS
FincLab.HistData  : [Status]loading_data:VTR
FincLab.HistData  : [Status]loading_data:DUK
FincLab.HistData  : [Status]loading_data:UNM
FincLab.HistData  : [Status]loading_data:GOOG
FincLab.HistData  : [Status]loading_data:LLL
FincLab.HistData  : [Status]loading_data:UNP
FincLab.HistData  : [Status]loading_data:KIM
FincLab.HistData  : [Status]loading_data:WEC
FincLab.HistData  : [Status]loading_data:SE
FincLab.HistData  : [Status]loading_data:WRK
FincLab.HistData  : [Status]loading_data:APH
FincLab.HistData  : [Status]loading_data:CCE
FincLab.HistData  : [Status]loading_data:ADSK
FincLab.HistData  : [Status]loading_data:R
FincLab.HistData  : [Status]loading_data:CMS
FincLab.HistData  : [Status]loading_data:EBAY
FincLab.HistData  : [Status]loading_data:ABC
FincLab.HistData  : [Status]loading_data:IR
FincLab.HistData  : [Status]loading_data:CCI
FincLab.HistData  : [Status]loading_data:LH
FincLab.HistData  : [Status]loading_data:ADM
FincLab.HistData  : [Status]loading_data:DE
FincLab.HistData  : [Status]loading_data:NKE
FincLab.HistData  : [Status]loading_data:AIV
FincLab.HistData  : [Status]loading_data:CINF
FincLab.HistData  : [Status]loading_data:PNW
FincLab.HistData  : [Status]loading_data:APC
FincLab.HistData  : [Status]loading_data:ADI
FincLab.HistData  : [Status]loading_data:HSY
FincLab.HistData  : [Status]loading_data:GE
FincLab.HistData  : [Status]loading_data:CTL
FincLab.HistData  : [Status]loading_data:WM
FincLab.HistData  : [Status]loading_data:WYNN
FincLab.HistData  : [Status]loading_data:TSO
FincLab.HistData  : [Status]loading_data:APD
FincLab.HistData  : [Status]loading_data:STI
FincLab.HistData  : [Status]loading_data:IRM
FincLab.HistData  : [Status]loading_data:TMO
FincLab.HistData  : [Status]loading_data:CF
FincLab.HistData  : [Status]loading_data:NDAQ
FincLab.HistData  : [Status]loading_data:PNC
FincLab.HistData  : [Status]loading_data:CB
FincLab.HistData  : [Status]loading_data:XRX
FincLab.HistData  : [Status]loading_data:BBBY
FincLab.HistData  : [Status]loading_data:AAL
FincLab.HistData  : [Status]loading_data:ORCL
FincLab.HistData  : [Status]loading_data:IBM
FincLab.HistData  : [Status]loading_data:CSX
FincLab.HistData  : [Status]loading_data:MKC
FincLab.HistData  : [Status]loading_data:ENDP
FincLab.HistData  : [Status]loading_data:QRVO
FincLab.HistData  : [Status]loading_data:CL
FincLab.HistData  : [Status]loading_data:GS
FincLab.HistData  : [Status]loading_data:LMT
FincLab.HistData  : [Status]loading_data:HBI
FincLab.HistData  : [Status]loading_data:JNPR
FincLab.HistData  : [Status]loading_data:WFM
FincLab.HistData  : [Status]loading_data:ILMN
FincLab.HistData  : [Status]loading_data:ESV
FincLab.HistData  : [Status]loading_data:POM
FincLab.HistData  : [Status]loading_data:BXP
FincLab.HistData  : [Status]loading_data:ZTS
FincLab.HistData  : [Status]loading_data:MAC
FincLab.HistData  : [Status]loading_data:STJ
FincLab.HistData  : [Status]loading_data:SYY
FincLab.HistData  : [Status]loading_data:EQIX
FincLab.HistData  : [Status]loading_data:MU
FincLab.HistData  : [Status]loading_data:VRSN
FincLab.HistData  : [Status]loading_data:AME
FincLab.HistData  : [Status]loading_data:CSRA
FincLab.HistData  : [Status]loading_data:XLNX
FincLab.HistData  : [Status]loading_data:FTI
FincLab.HistData  : [Status]loading_data:MMC
FincLab.HistData  : [Status]loading_data:IVZ
FincLab.HistData  : [Status]loading_data:OI
FincLab.HistData  : [Status]loading_data:MAT
FincLab.HistData  : [Status]loading_data:HPE
FincLab.HistData  : [Status]loading_data:SWKS
FincLab.HistData  : [Status]loading_data:BF-B
FincLab.HistData  : [Status]loading_data:FE
FincLab.HistData  : [Status]loading_data:EXR
FincLab.HistData  : [Status]loading_data:WAT
FincLab.HistData  : [Status]loading_data:PHM
FincLab.HistData  : [Status]loading_data:GPC
FincLab.HistData  : [Status]loading_data:FMC
FincLab.HistData  : [Status]loading_data:PDCO
FincLab.HistData  : [Status]loading_data:GMCR
FincLab.HistData  : [Status]loading_data:JPM
FincLab.HistData  : [Status]loading_data:CVS
FincLab.HistData  : [Status]loading_data:TSN
FincLab.HistData  : [Status]loading_data:ACN
FincLab.HistData  : [Status]loading_data:AKAM
FincLab.HistData  : [Status]loading_data:INTC
FincLab.HistData  : [Status]loading_data:NEM
FincLab.HistData  : [Status]loading_data:ETFC
FincLab.HistData  : [Status]loading_data:WY
FincLab.HistData  : [Status]loading_data:PXD
FincLab.HistData  : [Status]loading_data:FTR
FincLab.HistData  : [Status]loading_data:TYC
FincLab.HistData  : [Status]loading_data:VAR
FincLab.HistData  : [Status]loading_data:DOV
FincLab.HistData  : [Status]loading_data:BIIB
FincLab.HistData  : [Status]loading_data:BAX
FincLab.HistData  : [Status]loading_data:L
FincLab.HistData  : [Status]loading_data:O
FincLab.HistData  : [Status]loading_data:UTX
FincLab.HistData  : [Status]loading_data:SPG
FincLab.HistData  : [Status]loading_data:CPGX
FincLab.HistData  : [Status]loading_data:CMG
FincLab.HistData  : [Status]loading_data:ALLE
FincLab.HistData  : [Status]loading_data:KEY
FincLab.HistData  : [Status]loading_data:RTN
FincLab.HistData  : [Status]loading_data:SRCL
FincLab.HistData  : [Status]loading_data:LUV
FincLab.HistData  : [Status]loading_data:PCAR
FincLab.HistData  : [Status]loading_data:DO
FincLab.HistData  : [Status]loading_data:TRIP
FincLab.HistData  : [Status]loading_data:WFC
FincLab.HistData  : [Status]loading_data:AIG
FincLab.HistData  : [Status]loading_data:AEP
FincLab.HistData  : [Status]loading_data:KMI
FincLab.HistData  : [Status]loading_data:BHI
FincLab.HistData  : [Status]loading_data:DLPH
FincLab.HistData  : [Status]loading_data:PSA
FincLab.HistData  : [Status]loading_data:NAVI
FincLab.HistData  : [Status]loading_data:FISV
FincLab.HistData  : [Status]loading_data:MAS
FincLab.HistData  : [Status]loading_data:RF
FincLab.HistData  : [Status]loading_data:SNI
FincLab.HistData  : [Status]loading_data:JNJ
FincLab.HistData  : [Status]loading_data:DRI
FincLab.HistData  : [Status]loading_data:URBN
FincLab.HistData  : [Status]loading_data:PLD
FincLab.HistData  : [Status]loading_data:KHC
FincLab.HistData  : [Status]loading_data:RCL
FincLab.HistData  : [Status]loading_data:ALXN
FincLab.HistData  : [Status]loading_data:UAL
FincLab.HistData  : [Status]loading_data:MA
FincLab.HistData  : [Status]loading_data:LUK
FincLab.HistData  : [Status]loading_data:NBL
FincLab.HistData  : [Status]loading_data:STT
FincLab.HistData  : [Status]loading_data:ATVI
FincLab.HistData  : [Status]loading_data:CI
FincLab.HistData  : [Status]loading_data:GWW
FincLab.HistData  : [Status]loading_data:ZION
FincLab.HistData  : [Status]loading_data:T
FincLab.HistData  : [Status]loading_data:BRK-B
FincLab.HistData  : [Status]loading_data:TRV
FincLab.HistData  : [Status]loading_data:GME
FincLab.HistData  : [Status]loading_data:F
FincLab.HistData  : [Status]loading_data:AMZN
FincLab.HistData  : [Status]loading_data:C
FincLab.HistData  : [Status]loading_data:MOS
FincLab.HistData  : [Status]loading_data:MHFI
FincLab.HistData  : [Status]loading_data:FLS
FincLab.HistData  : [Status]loading_data:HBAN
FincLab.HistData  : [Status]loading_data:ESS
FincLab.HistData  : [Status]loading_data:NSC
FincLab.HistData  : [Status]loading_data:MNST
FincLab.HistData  : [Status]loading_data:MDT
FincLab.HistData  : [Status]loading_data:CELG
FincLab.HistData  : [Status]loading_data:SPLS
FincLab.HistData  : [Status]loading_data:AMP
FincLab.HistData  : [Status]loading_data:AMAT
FincLab.HistData  : [Status]loading_data:MJN
FincLab.HistData  : [Status]loading_data:SIG
FincLab.HistData  : [Status]loading_data:ARG
FincLab.HistData  : [Status]loading_data:NTAP
FincLab.HistData  : [Status]loading_data:VZ
FincLab.HistData  : [Status]loading_data:CTXS
FincLab.HistData  : [Status]loading_data:PFG
FincLab.HistData  : [Status]loading_data:FDX
FincLab.HistData  : [Status]loading_data:ED
FincLab.HistData  : [Status]loading_data:AON
FincLab.HistData  : [Status]loading_data:ITW
FincLab.HistData  : [Status]loading_data:MSI
FincLab.HistData  : [Status]loading_data:KMB
FincLab.HistData  : [Status]loading_data:LNC
FincLab.HistData  : [Status]loading_data:LEG
FincLab.HistData  : [Status]loading_data:GLW
FincLab.HistData  : [Status]loading_data:PNR
FincLab.HistData  : [Status]loading_data:PEP
FincLab.HistData  : [Status]loading_data:AMGN
FincLab.HistData  : [Status]loading_data:HCP
FincLab.HistData  : [Status]loading_data:AA
FincLab.HistData  : [Status]loading_data:GM
FincLab.HistData  : [Status]loading_data:VRTX
FincLab.HistData  : [Status]loading_data:CME
FincLab.HistData  : [Status]loading_data:CSCO
FincLab.HistData  : [Status]loading_data:OKE
FincLab.HistData  : [Status]loading_data:WHR
FincLab.HistData  : [Status]loading_data:FIS
FincLab.HistData  : [Status]loading_data:CHRW
FincLab.HistData  : [Status]loading_data:TMK
FincLab.HistData  : [Status]loading_data:DFS
FincLab.HistData  : [Status]loading_data:PKI
FincLab.HistData  : [Status]loading_data:XL
FincLab.HistData  : [Status]loading_data:SJM
FincLab.HistData  : [Status]loading_data:JBHT
FincLab.HistData  : [Status]loading_data:CPB
FincLab.HistData  : [Status]loading_data:MSFT
FincLab.HistData  : [Status]loading_data:DHI
FincLab.HistData  : [Status]loading_data:UPS
FincLab.HistData  : [Status]loading_data:PBCT
FincLab.HistData  : [Status]loading_data:CNP
FincLab.HistData  : [Status]loading_data:FOXA
FincLab.HistData  : [Status]loading_data:ROST
FincLab.HistData  : [Status]loading_data:AVGO
FincLab.HistData  : [Status]loading_data:DGX
FincLab.HistData  : [Status]loading_data:RSG
FincLab.HistData  : [Status]loading_data:SWN
FincLab.HistData  : [Status]loading_data:SCHW
FincLab.HistData  : [Status]loading_data:AXP
FincLab.HistData  : [Status]loading_data:HRS
FincLab.HistData  : [Status]loading_data:CAG
FincLab.HistData  : [Status]loading_data:COST
FincLab.HistData  : [Status]loading_data:PPL
FincLab.HistData  : [Status]loading_data:TROW
FincLab.HistData  : [Status]loading_data:VNO
FincLab.HistData  : [Status]loading_data:MMM
FincLab.HistData  : [Status]loading_data:MNK
FincLab.HistData  : [Status]loading_data:HST
FincLab.HistData  : [Status]loading_data:MPC
FincLab.HistData  : [Status]loading_data:COL
FincLab.HistData  : [Status]loading_data:SYF
FincLab.HistData  : [Status]loading_data:ADBE
FincLab.HistData  : [Status]loading_data:AAPL
FincLab.HistData  : [Status]loading_data:PRU
FincLab.HistData  : [Status]loading_data:HRL
FincLab.HistData  : [Status]loading_data:BSX
FincLab.HistData  : [Status]loading_data:FRT
FincLab.HistData  : [Status]loading_data:FLIR
FincLab.HistData  : [Status]loading_data:OXY
FincLab.HistData  : [Status]loading_data:PWR
FincLab.HistData  : [Status]loading_data:MCD
FincLab.HistData  : [Status]loading_data:KLAC
FincLab.HistData  : [Status]loading_data:PH
FincLab.HistData  : [Status]loading_data:LEN
FincLab.HistData  : [Status]loading_data:HAL
FincLab.HistData  : [Status]loading_data:SYMC
FincLab.HistData  : [Status]loading_data:SYK
FincLab.HistData  : [Status]loading_data:XEC
FincLab.HistData  : [Status]loading_data:EXC
FincLab.HistData  : [Status]loading_data:VMC
FincLab.HistData  : [Status]loading_data:WYN
FincLab.HistData  : [Status]loading_data:HAR
FincLab.HistData  : [Status]loading_data:NRG
FincLab.HistData  : [Status]loading_data:URI
FincLab.HistData  : [Status]loading_data:MCHP
FincLab.HistData  : [Status]loading_data:AEE
FincLab.HistData  : [Status]loading_data:TXN
FincLab.HistData  : [Status]loading_data:MET
FincLab.HistData  : [Status]loading_data:NUE
FincLab.HistData  : [Status]loading_data:CMI
FincLab.HistData  : [Status]loading_data:NEE
FincLab.HistData  : [Status]loading_data:HES
FincLab.HistData  : [Status]loading_data:CBS
FincLab.HistData  : [Status]loading_data:SHW
FincLab.HistData  : [Status]loading_data:CLX
FincLab.HistData  : [Status]loading_data:BXLT
FincLab.HistData  : [Status]loading_data:PCLN
FincLab.HistData  : [Status]loading_data:K
FincLab.HistData  : [Status]loading_data:TAP
FincLab.HistData  : [Status]loading_data:APA
FincLab.HistData  : [Status]loading_data:GILD
FincLab.HistData  : [Status]loading_data:WDC
FincLab.HistData  : [Status]loading_data:PRGO
FincLab.HistData  : [Status]loading_data:AET
FincLab.HistData  : [Status]loading_data:CAH
FincLab.HistData  : [Status]loading_data:IPG
FincLab.HistData  : [Status]loading_data:COG
FincLab.HistData  : [Status]loading_data:AZO
FincLab.HistData  : [Status]loading_data:CTSH
FincLab.HistData  : [Status]loading_data:ADP
FincLab.HistData  : [Status]loading_data:MHK
FincLab.HistData  : [Status]loading_data:AN
FincLab.HistData  : [Status]loading_data:WU
FincLab.HistData  : [Status]loading_data:CAM
FincLab.HistData  : [Status]loading_data:GIS
FincLab.HistData  : [Status]loading_data:HUM
FincLab.HistData  : [Status]loading_data:DISCK
FincLab.HistData  : [Status]loading_data:WMB
FincLab.HistData  : [Status]loading_data:IFF
FincLab.HistData  : [Status]loading_data:DVA
FincLab.HistData  : [Status]loading_data:RHT
FincLab.Engine    : [Status]Engine:Backtesting
FincLab.Engine    : [Desc]    Calculates moving average of 100- and 300-day windows for S&P 500 companies (a total of 505 stocks as of Jan 2016) and generates trading signals (long/short/exit).
        
FincLab.HistData  : [Progress]0,219
FincLab.HistData  : [Progress]0,219
FincLab.HistData  : [Progress]0,219
FincLab.HistData  : [Progress]0,219
FincLab.HistData  : [Progress]0,219
FincLab.HistData  : [Progress]0,219
FincLab.HistData  : [Progress]0,219
FincLab.HistData  : [Progress]0,219
FincLab.HistData  : [Progress]0,219
FincLab.HistData  : [Progress]0,219
FincLab.HistData  : [Progress]0,219
FincLab.HistData  : [Progress]0,219
FincLab.HistData  : [Progress]0,219
FincLab.HistData  : [Progress]0,219
FincLab.HistData  : [Progress]0,219
FincLab.HistData  : [Progress]0,219
FincLab.HistData  : [Progress]0,219
FincLab.HistData  : [Progress]0,219
FincLab.HistData  : [Progress]0,219
FincLab.HistData  : [Progress]0,219
FincLab.HistData  : [Progress]0,219
FincLab.HistData  : [Progress]0,219
FincLab.HistData  : [Progress]0,219
FincLab.HistData  : [Progress]0,219
FincLab.HistData  : [Progress]0,219
FincLab.HistData  : [Progress]0,219
FincLab.HistData  : [Progress]0,219
FincLab.HistData  : [Progress]0,219
FincLab.HistData  : [Progress]0,219
FincLab.HistData  : [Progress]0,219
FincLab.HistData  : [Progress]0,219
FincLab.HistData  : [Progress]0,219
FincLab.HistData  : [Progress]0,219
FincLab.HistData  : [Progress]0,219
FincLab.HistData  : [Progress]0,219
FincLab.HistData  : [Progress]0,219
FincLab.HistData  : [Progress]0,219
FincLab.HistData  : [Progress]0,219
FincLab.HistData  : [Progress]0,219
FincLab.HistData  : [Progress]0,219
FincLab.HistData  : [Progress]0,219
FincLab.HistData  : [Progress]0,219
FincLab.HistData  : [Progress]0,219
FincLab.HistData  : [Progress]0,219
FincLab.HistData  : [Progress]0,219
FincLab.HistData  : [Progress]0,219
FincLab.HistData  : [Progress]0,219
FincLab.HistData  : [Progress]0,219
FincLab.HistData  : [Progress]0,219
FincLab.HistData  : [Progress]0,219
FincLab.HistData  : [Progress]0,219
FincLab.HistData  : [Progress]0,219
FincLab.HistData  : [Progress]0,219
FincLab.HistData  : [Progress]0,219
FincLab.HistData  : [Progress]0,219
FincLab.HistData  : [Progress]0,219
FincLab.HistData  : [Progress]0,219
FincLab.HistData  : [Progress]0,219
FincLab.HistData  : [Progress]0,219
FincLab.HistData  : [Progress]0,219
FincLab.HistData  : [Progress]0,219
FincLab.HistData  : [Progress]0,219
FincLab.HistData  : [Progress]0,219
FincLab.HistData  : [Progress]0,219
FincLab.HistData  : [Progress]0,219
FincLab.HistData  : [Progress]0,219
FincLab.HistData  : [Progress]0,219
FincLab.HistData  : [Progress]0,219
FincLab.HistData  : [Progress]0,219
FincLab.HistData  : [Progress]0,219
FincLab.HistData  : [Progress]0,219
FincLab.HistData  : [Progress]0,219
FincLab.HistData  : [Progress]0,219
FincLab.HistData  : [Progress]0,219
FincLab.HistData  : [Progress]0,219
FincLab.HistData  : [Progress]0,219
FincLab.HistData  : [Progress]0,219
FincLab.HistData  : [Progress]0,219
FincLab.HistData  : [Progress]0,219
FincLab.HistData  : [Progress]0,219
FincLab.HistData  : [Progress]0,219
FincLab.HistData  : [Progress]0,219
FincLab.HistData  : [Progress]0,219
FincLab.HistData  : [Progress]0,219
FincLab.HistData  : [Progress]0,219
FincLab.HistData  : [Progress]0,219
FincLab.HistData  : [Progress]0,219
FincLab.HistData  : [Progress]0,219
FincLab.HistData  : [Progress]0,219
FincLab.HistData  : [Progress]0,219
FincLab.HistData  : [Progress]0,219
FincLab.HistData  : [Progress]0,219
FincLab.HistData  : [Progress]0,219
FincLab.HistData  : [Progress]0,219
FincLab.HistData  : [Progress]0,219
FincLab.HistData  : [Progress]0,219
FincLab.HistData  : [Progress]0,219
FincLab.HistData  : [Progress]0,219
FincLab.HistData  : [Progress]0,219
FincLab.HistData  : [Progress]0,219
FincLab.HistData  : [Progress]0,219
FincLab.HistData  : [Progress]0,219
FincLab.HistData  : [Progress]0,219
FincLab.HistData  : [Progress]0,219
FincLab.HistData  : [Progress]0,219
FincLab.HistData  : [Progress]0,219
FincLab.HistData  : [Progress]0,219
FincLab.HistData  : [Progress]0,219
FincLab.HistData  : [Progress]0,219
FincLab.HistData  : [Progress]0,219
FincLab.HistData  : [Progress]0,219
FincLab.HistData  : [Progress]0,219
FincLab.HistData  : [Progress]0,219
FincLab.HistData  : [Progress]0,219
FincLab.HistData  : [Progress]0,219
FincLab.HistData  : [Progress]0,219
FincLab.HistData  : [Progress]0,219
FincLab.HistData  : [Progress]0,219
FincLab.HistData  : [Progress]0,219
FincLab.HistData  : [Progress]0,219
FincLab.HistData  : [Progress]0,219
FincLab.HistData  : [Progress]0,219
FincLab.HistData  : [Progress]0,219
FincLab.HistData  : [Progress]0,219
FincLab.HistData  : [Progress]0,219
FincLab.HistData  : [Progress]0,219
FincLab.HistData  : [Progress]0,219
FincLab.HistData  : [Progress]0,219
FincLab.HistData  : [Progress]0,219
FincLab.HistData  : [Progress]0,219
FincLab.HistData  : [Progress]0,219
FincLab.HistData  : [Progress]0,219
FincLab.HistData  : [Progress]0,219
FincLab.HistData  : [Progress]0,219
FincLab.HistData  : [Progress]0,219
FincLab.HistData  : [Progress]0,219
FincLab.HistData  : [Progress]0,219
FincLab.HistData  : [Progress]0,219
FincLab.HistData  : [Progress]0,219
FincLab.HistData  : [Progress]0,219
FincLab.HistData  : [Progress]0,219
FincLab.HistData  : [Progress]0,219
FincLab.HistData  : [Progress]0,219
FincLab.HistData  : [Progress]0,219
FincLab.HistData  : [Progress]0,219
FincLab.HistData  : [Progress]0,219
FincLab.HistData  : [Progress]0,219
FincLab.HistData  : [Progress]0,219
FincLab.HistData  : [Progress]0,219
FincLab.HistData  : [Progress]0,219
FincLab.HistData  : [Progress]0,219
FincLab.HistData  : [Progress]0,219
FincLab.HistData  : [Progress]0,219
FincLab.HistData  : [Progress]0,219
FincLab.HistData  : [Progress]0,219
FincLab.HistData  : [Progress]0,219
FincLab.HistData  : [Progress]0,219
FincLab.HistData  : [Progress]0,219
FincLab.HistData  : [Progress]0,219
FincLab.HistData  : [Progress]0,219
FincLab.HistData  : [Progress]0,219
FincLab.HistData  : [Progress]0,219
FincLab.HistData  : [Progress]0,219
FincLab.HistData  : [Progress]0,219
FincLab.HistData  : [Progress]0,219
FincLab.HistData  : [Progress]0,219
FincLab.HistData  : [Progress]0,219
FincLab.HistData  : [Progress]0,219
FincLab.HistData  : [Progress]0,219
FincLab.HistData  : [Progress]0,219
FincLab.HistData  : [Progress]0,219
FincLab.HistData  : [Progress]0,219
FincLab.HistData  : [Progress]0,219
FincLab.HistData  : [Progress]0,219
FincLab.HistData  : [Progress]0,219
FincLab.HistData  : [Progress]0,219
FincLab.HistData  : [Progress]0,219
FincLab.HistData  : [Progress]0,219
FincLab.HistData  : [Progress]0,219
FincLab.HistData  : [Progress]0,219
FincLab.HistData  : [Progress]0,219
FincLab.HistData  : [Progress]0,219
FincLab.HistData  : [Progress]0,219
FincLab.HistData  : [Progress]0,219
FincLab.HistData  : [Progress]0,219
FincLab.HistData  : [Progress]0,219
FincLab.HistData  : [Progress]0,219
FincLab.HistData  : [Progress]0,219
FincLab.HistData  : [Progress]0,219
FincLab.HistData  : [Progress]0,219
FincLab.HistData  : [Progress]0,219
FincLab.HistData  : [Progress]0,219
FincLab.HistData  : [Progress]0,219
FincLab.HistData  : [Progress]0,219
FincLab.HistData  : [Progress]0,219
FincLab.HistData  : [Progress]0,219
FincLab.HistData  : [Progress]0,219
FincLab.HistData  : [Progress]0,219
FincLab.HistData  : [Progress]0,219
FincLab.HistData  : [Progress]0,219
FincLab.HistData  : [Progress]0,219
FincLab.HistData  : [Progress]0,219
FincLab.HistData  : [Progress]0,219
FincLab.HistData  : [Progress]0,219
FincLab.HistData  : [Progress]0,219
FincLab.HistData  : [Progress]0,219
FincLab.HistData  : [Progress]0,219
FincLab.HistData  : [Progress]0,219
FincLab.HistData  : [Progress]0,219
FincLab.HistData  : [Progress]0,219
FincLab.HistData  : [Progress]0,219
FincLab.HistData  : [Progress]0,219
FincLab.HistData  : [Progress]0,219
FincLab.HistData  : [Progress]0,219
FincLab.HistData  : [Progress]0,219
FincLab.HistData  : [Progress]0,219
FincLab.HistData  : [Progress]0,219
FincLab.HistData  : [Progress]0,219
FincLab.HistData  : [Progress]0,219
FincLab.HistData  : [Progress]0,219
FincLab.HistData  : [Progress]0,219
FincLab.HistData  : [Progress]0,219
FincLab.HistData  : [Progress]0,219
FincLab.HistData  : [Progress]0,219
FincLab.HistData  : [Progress]0,219
FincLab.HistData  : [Progress]0,219
FincLab.HistData  : [Progress]0,219
FincLab.HistData  : [Progress]0,219
FincLab.HistData  : [Progress]0,219
FincLab.HistData  : [Progress]0,219
FincLab.HistData  : [Progress]0,219
FincLab.HistData  : [Progress]0,219
FincLab.HistData  : [Progress]0,219
FincLab.HistData  : [Progress]0,219
FincLab.HistData  : [Progress]0,219
FincLab.HistData  : [Progress]0,219
FincLab.HistData  : [Progress]0,219
FincLab.HistData  : [Progress]0,219
FincLab.HistData  : [Progress]0,219
FincLab.HistData  : [Progress]0,219
FincLab.HistData  : [Progress]0,219
FincLab.HistData  : [Progress]0,219
FincLab.HistData  : [Progress]0,219
FincLab.HistData  : [Progress]0,219
FincLab.HistData  : [Progress]0,219
FincLab.HistData  : [Progress]0,219
FincLab.HistData  : [Progress]0,219
FincLab.HistData  : [Progress]0,219
FincLab.HistData  : [Progress]0,219
FincLab.HistData  : [Progress]0,219
FincLab.HistData  : [Progress]0,219
FincLab.HistData  : [Progress]0,219
FincLab.HistData  : [Progress]0,219
FincLab.HistData  : [Progress]0,219
FincLab.HistData  : [Progress]0,219
FincLab.HistData  : [Progress]0,219
FincLab.HistData  : [Progress]0,219
FincLab.HistData  : [Progress]0,219
FincLab.HistData  : [Progress]0,219
FincLab.HistData  : [Progress]0,219
FincLab.HistData  : [Progress]0,219
FincLab.HistData  : [Progress]0,219
FincLab.HistData  : [Progress]0,219
FincLab.HistData  : [Progress]0,219
FincLab.HistData  : [Progress]0,219
FincLab.HistData  : [Progress]0,219
FincLab.HistData  : [Progress]0,219
FincLab.HistData  : [Progress]0,219
FincLab.HistData  : [Progress]0,219
FincLab.HistData  : [Progress]0,219
FincLab.HistData  : [Progress]0,219
FincLab.HistData  : [Progress]0,219
FincLab.HistData  : [Progress]0,219
FincLab.HistData  : [Progress]0,219
FincLab.HistData  : [Progress]0,219
FincLab.HistData  : [Progress]0,219
FincLab.HistData  : [Progress]0,219
FincLab.HistData  : [Progress]0,219
FincLab.HistData  : [Progress]0,219
FincLab.HistData  : [Progress]0,219
FincLab.HistData  : [Progress]0,219
FincLab.HistData  : [Progress]0,219
FincLab.HistData  : [Progress]0,219
FincLab.HistData  : [Progress]0,219
FincLab.HistData  : [Progress]0,219
FincLab.HistData  : [Progress]0,219
FincLab.HistData  : [Progress]0,219
FincLab.HistData  : [Progress]0,219
FincLab.HistData  : [Progress]0,219
FincLab.HistData  : [Progress]0,219
FincLab.HistData  : [Progress]0,219
FincLab.HistData  : [Progress]0,219
FincLab.HistData  : [Progress]0,219
FincLab.HistData  : [Progress]0,219
FincLab.HistData  : [Progress]0,219
FincLab.HistData  : [Progress]0,219
FincLab.HistData  : [Progress]0,219
FincLab.HistData  : [Progress]0,219
FincLab.HistData  : [Progress]0,219
FincLab.HistData  : [Progress]0,219
FincLab.HistData  : [Progress]0,219
FincLab.HistData  : [Progress]0,219
FincLab.HistData  : [Progress]0,219
FincLab.HistData  : [Progress]0,219
FincLab.HistData  : [Progress]0,219
FincLab.HistData  : [Progress]0,219
FincLab.HistData  : [Progress]0,219
FincLab.HistData  : [Progress]0,219
FincLab.HistData  : [Progress]0,219
FincLab.HistData  : [Progress]0,219
FincLab.HistData  : [Progress]0,219
FincLab.HistData  : [Progress]0,219
FincLab.HistData  : [Progress]0,219
FincLab.HistData  : [Progress]0,219
FincLab.HistData  : [Progress]0,219
FincLab.HistData  : [Progress]0,219
FincLab.HistData  : [Progress]0,219
FincLab.HistData  : [Progress]0,219
FincLab.HistData  : [Progress]0,219
FincLab.HistData  : [Progress]0,219
FincLab.HistData  : [Progress]0,219
FincLab.HistData  : [Progress]0,219
FincLab.HistData  : [Progress]0,219
FincLab.HistData  : [Progress]0,219
FincLab.HistData  : [Progress]0,219
FincLab.HistData  : [Progress]0,219
FincLab.HistData  : [Progress]0,219
FincLab.HistData  : [Progress]0,219
FincLab.HistData  : [Progress]0,219
FincLab.HistData  : [Progress]0,219
FincLab.HistData  : [Progress]0,219
FincLab.HistData  : [Progress]0,219
FincLab.HistData  : [Progress]0,219
FincLab.HistData  : [Progress]0,219
FincLab.HistData  : [Progress]0,219
FincLab.HistData  : [Progress]0,219
FincLab.HistData  : [Progress]0,219
FincLab.HistData  : [Progress]0,219
FincLab.HistData  : [Progress]0,219
FincLab.HistData  : [Progress]0,219
FincLab.HistData  : [Progress]0,219
FincLab.HistData  : [Progress]0,219
FincLab.HistData  : [Progress]0,219
FincLab.HistData  : [Progress]0,219
FincLab.HistData  : [Progress]0,219
FincLab.HistData  : [Progress]0,219
FincLab.HistData  : [Progress]0,219
FincLab.HistData  : [Progress]0,219
FincLab.HistData  : [Progress]0,219
FincLab.HistData  : [Progress]0,219
FincLab.HistData  : [Progress]0,219
FincLab.HistData  : [Progress]0,219
FincLab.HistData  : [Progress]0,219
FincLab.HistData  : [Progress]0,219
FincLab.HistData  : [Progress]0,219
FincLab.HistData  : [Progress]0,219
FincLab.HistData  : [Progress]0,219
FincLab.HistData  : [Progress]0,219
FincLab.HistData  : [Progress]0,219
FincLab.HistData  : [Progress]0,219
FincLab.HistData  : [Progress]0,219
FincLab.HistData  : [Progress]0,219
FincLab.HistData  : [Progress]0,219
FincLab.HistData  : [Progress]0,219
FincLab.HistData  : [Progress]0,219
FincLab.HistData  : [Progress]0,219
FincLab.HistData  : [Progress]0,219
FincLab.HistData  : [Progress]0,219
FincLab.HistData  : [Progress]0,219
FincLab.HistData  : [Progress]0,219
FincLab.HistData  : [Progress]0,219
FincLab.HistData  : [Progress]0,219
FincLab.HistData  : [Progress]0,219
FincLab.HistData  : [Progress]0,219
FincLab.HistData  : [Progress]0,219
FincLab.HistData  : [Progress]0,219
FincLab.HistData  : [Progress]0,219
FincLab.HistData  : [Progress]0,219
FincLab.HistData  : [Progress]0,219
FincLab.HistData  : [Progress]0,219
FincLab.HistData  : [Progress]0,219
FincLab.HistData  : [Progress]0,219
FincLab.HistData  : [Progress]0,219
FincLab.HistData  : [Progress]0,219
FincLab.HistData  : [Progress]0,219
FincLab.HistData  : [Progress]0,219
FincLab.HistData  : [Progress]0,219
FincLab.HistData  : [Progress]0,219
FincLab.HistData  : [Progress]0,219
FincLab.HistData  : [Progress]0,219
FincLab.HistData  : [Progress]0,219
FincLab.HistData  : [Progress]0,219
FincLab.HistData  : [Progress]0,219
FincLab.HistData  : [Progress]0,219
FincLab.HistData  : [Progress]0,219
FincLab.HistData  : [Progress]0,219
FincLab.HistData  : [Progress]0,219
FincLab.HistData  : [Progress]0,219
FincLab.HistData  : [Progress]0,219
FincLab.HistData  : [Progress]0,219
FincLab.HistData  : [Progress]0,219
FincLab.HistData  : [Progress]0,219
FincLab.HistData  : [Progress]0,219
FincLab.HistData  : [Progress]0,219
FincLab.HistData  : [Progress]0,219
FincLab.HistData  : [Progress]0,219
FincLab.HistData  : [Progress]0,219
FincLab.HistData  : [Progress]0,219
FincLab.HistData  : [Progress]0,219
FincLab.HistData  : [Progress]0,219
FincLab.HistData  : [Progress]0,219
FincLab.HistData  : [Progress]0,219
FincLab.HistData  : [Progress]0,219
FincLab.HistData  : [Progress]0,219
FincLab.HistData  : [Progress]0,219
FincLab.HistData  : [Progress]0,219
FincLab.HistData  : [Progress]0,219
FincLab.HistData  : [Progress]0,219
FincLab.HistData  : [Progress]0,219
FincLab.HistData  : [Progress]0,219
FincLab.HistData  : [Progress]0,219
FincLab.HistData  : [Progress]0,219
FincLab.HistData  : [Progress]0,219
FincLab.HistData  : [Progress]0,219
FincLab.HistData  : [Progress]0,219
FincLab.HistData  : [Progress]0,219
FincLab.HistData  : [Progress]0,219
FincLab.HistData  : [Progress]0,219
FincLab.HistData  : [Progress]0,219
FincLab.HistData  : [Progress]0,219
FincLab.HistData  : [Progress]0,219
FincLab.HistData  : [Progress]0,219
FincLab.HistData  : [Progress]0,219
FincLab.HistData  : [Progress]0,219
FincLab.HistData  : [Progress]0,219
FincLab.HistData  : [Progress]0,219
FincLab.HistData  : [Progress]0,219
FincLab.HistData  : [Progress]0,219
FincLab.HistData  : [Progress]0,219
FincLab.HistData  : [Progress]0,219
FincLab.HistData  : [Progress]0,219
FincLab.HistData  : [Progress]0,219
FincLab.HistData  : [Progress]0,219
FincLab.HistData  : [Progress]0,219
FincLab.HistData  : [Progress]0,219
FincLab.HistData  : [Progress]0,219
FincLab.HistData  : [Progress]0,219
FincLab.HistData  : [Progress]0,219
FincLab.HistData  : [Progress]0,219
FincLab.HistData  : [Progress]0,219
FincLab.HistData  : [Progress]0,219
FincLab.HistData  : [Progress]0,219
FincLab.HistData  : [Progress]0,219
FincLab.HistData  : [Progress]0,219
FincLab.HistData  : [Progress]0,219
FincLab.HistData  : [Progress]0,219
FincLab.HistData  : [Progress]0,219
FincLab.HistData  : [Progress]0,219
FincLab.HistData  : [Progress]0,219
FincLab.HistData  : [Progress]0,219
FincLab.HistData  : [Progress]0,219
FincLab.HistData  : [Progress]0,219
FincLab.HistData  : [Progress]0,219
FincLab.HistData  : [Progress]0,219
FincLab.HistData  : [Progress]0,219
FincLab.HistData  : [Progress]0,219
FincLab.HistData  : [Progress]0,219
FincLab.HistData  : [Progress]0,219
FincLab.HistData  : [Progress]0,219
FincLab.HistData  : [Progress]0,219
FincLab.HistData  : [Progress]0,219
FincLab.HistData  : [Progress]0,219
FincLab.HistData  : [Progress]0,219
FincLab.HistData  : [Progress]0,219
FincLab.HistData  : [Progress]0,219
FincLab.HistData  : [Progress]0,219
FincLab.HistData  : [Progress]0,219
FincLab.HistData  : [Progress]0,219
FincLab.HistData  : [Progress]0,219
FincLab.HistData  : [Progress]0,219
FincLab.HistData  : [Progress]0,219
FincLab.HistData  : [Progress]0,219
FincLab.HistData  : [Progress]0,219
FincLab.HistData  : [Progress]0,219
FincLab.HistData  : [Progress]0,219
FincLab.HistData  : [Progress]0,219
FincLab.HistData  : [Progress]0,219
FincLab.HistData  : [Progress]0,219
FincLab.HistData  : [Progress]0,219
FincLab.HistData  : [Progress]0,219
FincLab.HistData  : [Progress]0,219
FincLab.HistData  : [Progress]0,219
FincLab.HistData  : [Progress]0,219
FincLab.HistData  : [Progress]0,219
FincLab.HistData  : [Progress]0,219
FincLab.HistData  : [Progress]0,219
FincLab.HistData  : [Progress]0,219
FincLab.HistData  : [Progress]0,219
FincLab.HistData  : [Progress]0,219
FincLab.HistData  : [Progress]0,219
FincLab.HistData  : [Progress]0,219
FincLab.HistData  : [Progress]0,219
FincLab.HistData  : [Progress]0,219
FincLab.HistData  : [Progress]0,219
FincLab.Engine    : [Status]current_datetime:2015-07-01
FincLab.Engine    : [Status]current_datetime:2015-07-01
FincLab.Engine    : [Status]current_datetime:2015-07-01
FincLab.Engine    : [Status]current_datetime:2015-07-01
FincLab.Engine    : [Status]current_datetime:2015-07-01
FincLab.Engine    : [Status]current_datetime:2015-07-01
FincLab.Engine    : [Status]current_datetime:2015-07-01
FincLab.Engine    : [Status]current_datetime:2015-07-01
FincLab.Engine    : [Status]current_datetime:2015-07-01
FincLab.Engine    : [Status]current_datetime:2015-07-01
FincLab.Engine    : [Status]current_datetime:2015-07-01
FincLab.Engine    : [Status]current_datetime:2015-07-01
FincLab.Engine    : [Status]current_datetime:2015-07-01
FincLab.Engine    : [Status]current_datetime:2015-07-01
FincLab.Engine    : [Status]current_datetime:2015-07-01
FincLab.Engine    : [Status]current_datetime:2015-07-01
FincLab.Engine    : [Status]current_datetime:2015-07-01
FincLab.Engine    : [Status]current_datetime:2015-07-01
FincLab.Engine    : [Status]current_datetime:2015-07-01
FincLab.Engine    : [Status]current_datetime:2015-07-01
FincLab.Engine    : [Status]current_datetime:2015-07-01
FincLab.Engine    : [Status]current_datetime:2015-07-01
FincLab.Engine    : [Status]current_datetime:2015-07-01
FincLab.Engine    : [Status]current_datetime:2015-07-01
FincLab.Engine    : [Status]current_datetime:2015-07-01
FincLab.Engine    : [Status]current_datetime:2015-07-01
FincLab.Engine    : [Status]current_datetime:2015-07-01
FincLab.Engine    : [Status]current_datetime:2015-07-01
FincLab.Engine    : [Status]current_datetime:2015-07-01
FincLab.Engine    : [Status]current_datetime:2015-07-01
FincLab.Engine    : [Status]current_datetime:2015-07-01
FincLab.Engine    : [Status]current_datetime:2015-07-01
FincLab.Engine    : [Status]current_datetime:2015-07-01
FincLab.Engine    : [Status]current_datetime:2015-07-01
FincLab.Engine    : [Status]current_datetime:2015-07-01
FincLab.Engine    : [Status]current_datetime:2015-07-01
FincLab.Engine    : [Status]current_datetime:2015-07-01
FincLab.Engine    : [Status]current_datetime:2015-07-01
FincLab.Engine    : [Status]current_datetime:2015-07-01
FincLab.Engine    : [Status]current_datetime:2015-07-01
FincLab.Engine    : [Status]current_datetime:2015-07-01
